#
# There is insufficient memory for the Java Runtime Environment to continue.
# Native memory allocation (malloc) failed to allocate 1747696 bytes for Chunk::new
# Possible reasons:
#   The system is out of physical RAM or swap space
#   The process is running with CompressedOops enabled, and the Java Heap may be blocking the growth of the native heap
# Possible solutions:
#   Reduce memory load on the system
#   Increase physical memory or swap space
#   Check if swap backing store is full
#   Decrease Java heap size (-Xmx/-Xms)
#   Decrease number of Java threads
#   Decrease Java thread stack sizes (-Xss)
#   Set larger code cache with -XX:ReservedCodeCacheSize=
#   JVM is running with Unscaled Compressed Oops mode in which the Java heap is
#     placed in the first 4GB address space. The Java Heap base address is the
#     maximum limit for the native heap growth. Please use -XX:HeapBaseMinAddress
#     to set the Java Heap base and to place the Java Heap above 4GB virtual address.
# This output file may be truncated or incomplete.
#
#  Out of Memory Error (arena.cpp:189), pid=51680, tid=61604
#
# JRE version: OpenJDK Runtime Environment (17.0.6) (build 17.0.6+0-b2043.56-10027231)
# Java VM: OpenJDK 64-Bit Server VM (17.0.6+0-b2043.56-10027231, mixed mode, tiered, compressed oops, compressed class ptrs, g1 gc, windows-amd64)
# No core dump will be written. Minidumps are not enabled by default on client versions of Windows
#

---------------  S U M M A R Y ------------

Command Line: --add-opens=java.base/java.util=ALL-UNNAMED --add-opens=java.base/java.lang=ALL-UNNAMED --add-opens=java.base/java.lang.invoke=ALL-UNNAMED --add-opens=java.prefs/java.util.prefs=ALL-UNNAMED --add-opens=java.base/java.nio.charset=ALL-UNNAMED --add-opens=java.base/java.net=ALL-UNNAMED --add-opens=java.base/java.util.concurrent.atomic=ALL-UNNAMED -Xmx2048m -Dfile.encoding=UTF-8 -Duser.country=ES -Duser.language=es -Duser.variant org.gradle.launcher.daemon.bootstrap.GradleDaemon 8.0

Host: AMD Ryzen 3 5300U with Radeon Graphics         , 8 cores, 5G,  Windows 11 , 64 bit Build 22621 (10.0.22621.2506)
Time: Wed Dec 13 08:34:06 2023 Hora estándar romance elapsed time: 43.064558 seconds (0d 0h 0m 43s)

---------------  T H R E A D  ---------------

Current thread (0x000001e6cd89b7a0):  JavaThread "C2 CompilerThread0" daemon [_thread_in_native, id=61604, stack(0x00000049fc000000,0x00000049fc100000)]


Current CompileTask:
C2:  43064 12725       4       com.android.utils.XmlUtils::append (597 bytes)

Stack: [0x00000049fc000000,0x00000049fc100000]
Native frames: (J=compiled Java code, j=interpreted, Vv=VM code, C=native code)
V  [jvm.dll+0x683c9a]
V  [jvm.dll+0x8427a4]
V  [jvm.dll+0x843f9e]
V  [jvm.dll+0x844603]
V  [jvm.dll+0x249b75]
V  [jvm.dll+0xabcac]
V  [jvm.dll+0xac27c]
V  [jvm.dll+0x368802]
V  [jvm.dll+0x332f31]
V  [jvm.dll+0x3323da]
V  [jvm.dll+0x21c201]
V  [jvm.dll+0x21b621]
V  [jvm.dll+0x1a4fdd]
V  [jvm.dll+0x22b098]
V  [jvm.dll+0x229159]
V  [jvm.dll+0x7f81ec]
V  [jvm.dll+0x7f274a]
V  [jvm.dll+0x682ad5]
C  [ucrtbase.dll+0x29363]
C  [KERNEL32.DLL+0x1257d]
C  [ntdll.dll+0x5aa58]


---------------  P R O C E S S  ---------------

Threads class SMR info:
_java_thread_list=0x000001e6d506c670, length=142, elements={
0x000001e6b3a38970, 0x000001e6cd8ae260, 0x000001e6cd8af0d0, 0x000001e6cd898900,
0x000001e6cd8994b0, 0x000001e6cd89a060, 0x000001e6cd89aa10, 0x000001e6cd89b7a0,
0x000001e6ce420dc0, 0x000001e6ce42b7d0, 0x000001e6ce5b3010, 0x000001e6ce5b8d50,
0x000001e6cfc65670, 0x000001e6cfc41950, 0x000001e6cf64c360, 0x000001e6cfe4ced0,
0x000001e6cfe26fe0, 0x000001e6cffa6970, 0x000001e6cffa6e40, 0x000001e6cfe1fe70,
0x000001e6cfe211b0, 0x000001e6cfe1e660, 0x000001e6cfe20340, 0x000001e6cfe1f000,
0x000001e6cfe1d7f0, 0x000001e6cfe20ce0, 0x000001e6cfe20810, 0x000001e6cfe1dcc0,
0x000001e6cfe1e190, 0x000001e6cfe1eb30, 0x000001e6cfe1f4d0, 0x000001e6cfe1f9a0,
0x000001e6d0d67e80, 0x000001e6d0d68820, 0x000001e6d0d69690, 0x000001e6d0d68cf0,
0x000001e6d0d63180, 0x000001e6d0d67010, 0x000001e6d0d63650, 0x000001e6d0d64e60,
0x000001e6d0d65cd0, 0x000001e6d0d644c0, 0x000001e6d0d68350, 0x000001e6d0d64990,
0x000001e6d0d65330, 0x000001e6d0d65800, 0x000001e6d0d661a0, 0x000001e6d0d66670,
0x000001e6d0d66b40, 0x000001e6d0d674e0, 0x000001e6d0d679b0, 0x000001e6ce947f10,
0x000001e6ce947570, 0x000001e6ce942870, 0x000001e6ce947a40, 0x000001e6ce9483e0,
0x000001e6ce944080, 0x000001e6ce942d40, 0x000001e6ce946bd0, 0x000001e6ce943210,
0x000001e6ce9470a0, 0x000001e6ce944550, 0x000001e6ce9423a0, 0x000001e6ce9453c0,
0x000001e6ce941a00, 0x000001e6ce944a20, 0x000001e6ce945890, 0x000001e6ce943bb0,
0x000001e6ce9436e0, 0x000001e6ce944ef0, 0x000001e6ce945d60, 0x000001e6ce9488b0,
0x000001e6ce946700, 0x000001e6ce941060, 0x000001e6ce941530, 0x000001e6ce946230,
0x000001e6ce941ed0, 0x000001e6d110c3a0, 0x000001e6d110ba00, 0x000001e6d110a6c0,
0x000001e6d11054f0, 0x000001e6d1105e90, 0x000001e6d1106360, 0x000001e6d110ab90,
0x000001e6d110c870, 0x000001e6d1106d00, 0x000001e6d1106830, 0x000001e6d1108eb0,
0x000001e6d1105020, 0x000001e6d11071d0, 0x000001e6d1109380, 0x000001e6d11076a0,
0x000001e6d11089e0, 0x000001e6d1109d20, 0x000001e6d1109850, 0x000001e6d1107b70,
0x000001e6d1108040, 0x000001e6d110b530, 0x000001e6d110a1f0, 0x000001e6d110bed0,
0x000001e6d110b060, 0x000001e6d1108510, 0x000001e6d11059c0, 0x000001e6d14d06d0,
0x000001e6d14cfd30, 0x000001e6d14d1a10, 0x000001e6d14cc840, 0x000001e6d14cdb80,
0x000001e6d14d1ee0, 0x000001e6d14ce520, 0x000001e6d14ce9f0, 0x000001e6d14d3220,
0x000001e6d14d0ba0, 0x000001e6d14cf860, 0x000001e6d14ceec0, 0x000001e6d14d2880,
0x000001e6d14cd6b0, 0x000001e6d14cf390, 0x000001e6d14d1540, 0x000001e6d14d23b0,
0x000001e6d14d2d50, 0x000001e6d14d0200, 0x000001e6d14ce050, 0x000001e6d14d36f0,
0x000001e6d14d1070, 0x000001e6d14d3bc0, 0x000001e6d14d4090, 0x000001e6d14ccd10,
0x000001e6d5725080, 0x000001e6d5725550, 0x000001e6d5724210, 0x000001e6d5725a20,
0x000001e6d5723870, 0x000001e6d5723d40, 0x000001e6d57280a0, 0x000001e6d5727230,
0x000001e6d57246e0, 0x000001e6d57233a0, 0x000001e6d635c3b0, 0x000001e6d5681df0,
0x000001e6d56822c0, 0x000001e6d50baa40
}

Java Threads: ( => current thread )
  0x000001e6b3a38970 JavaThread "main" [_thread_blocked, id=64488, stack(0x00000049fb300000,0x00000049fb400000)]
  0x000001e6cd8ae260 JavaThread "Reference Handler" daemon [_thread_blocked, id=61504, stack(0x00000049fba00000,0x00000049fbb00000)]
  0x000001e6cd8af0d0 JavaThread "Finalizer" daemon [_thread_blocked, id=64360, stack(0x00000049fbb00000,0x00000049fbc00000)]
  0x000001e6cd898900 JavaThread "Signal Dispatcher" daemon [_thread_blocked, id=60552, stack(0x00000049fbc00000,0x00000049fbd00000)]
  0x000001e6cd8994b0 JavaThread "Attach Listener" daemon [_thread_blocked, id=63716, stack(0x00000049fbd00000,0x00000049fbe00000)]
  0x000001e6cd89a060 JavaThread "Service Thread" daemon [_thread_blocked, id=55852, stack(0x00000049fbe00000,0x00000049fbf00000)]
  0x000001e6cd89aa10 JavaThread "Monitor Deflation Thread" daemon [_thread_blocked, id=58192, stack(0x00000049fbf00000,0x00000049fc000000)]
=>0x000001e6cd89b7a0 JavaThread "C2 CompilerThread0" daemon [_thread_in_native, id=61604, stack(0x00000049fc000000,0x00000049fc100000)]
  0x000001e6ce420dc0 JavaThread "C1 CompilerThread0" daemon [_thread_in_native, id=49780, stack(0x00000049fc100000,0x00000049fc200000)]
  0x000001e6ce42b7d0 JavaThread "Sweeper thread" daemon [_thread_blocked, id=8292, stack(0x00000049fc200000,0x00000049fc300000)]
  0x000001e6ce5b3010 JavaThread "Common-Cleaner" daemon [_thread_blocked, id=47776, stack(0x00000049fc300000,0x00000049fc400000)]
  0x000001e6ce5b8d50 JavaThread "Notification Thread" daemon [_thread_blocked, id=54468, stack(0x00000049fc400000,0x00000049fc500000)]
  0x000001e6cfc65670 JavaThread "Daemon health stats" [_thread_blocked, id=28060, stack(0x00000049fca00000,0x00000049fcb00000)]
  0x000001e6cfc41950 JavaThread "Incoming local TCP Connector on port 49496" [_thread_in_native, id=19620, stack(0x00000049fcb00000,0x00000049fcc00000)]
  0x000001e6cf64c360 JavaThread "Daemon periodic checks" [_thread_blocked, id=61792, stack(0x00000049fcc00000,0x00000049fcd00000)]
  0x000001e6cfe4ced0 JavaThread "Daemon" [_thread_blocked, id=62528, stack(0x00000049fcd00000,0x00000049fce00000)]
  0x000001e6cfe26fe0 JavaThread "Handler for socket connection from /127.0.0.1:49496 to /127.0.0.1:49497" [_thread_in_native, id=27256, stack(0x00000049fce00000,0x00000049fcf00000)]
  0x000001e6cffa6970 JavaThread "Cancel handler" [_thread_blocked, id=65792, stack(0x00000049fcf00000,0x00000049fd000000)]
  0x000001e6cffa6e40 JavaThread "Daemon worker" [_thread_blocked, id=54504, stack(0x00000049fd000000,0x00000049fd100000)]
  0x000001e6cfe1fe70 JavaThread "Asynchronous log dispatcher for DefaultDaemonConnection: socket connection from /127.0.0.1:49496 to /127.0.0.1:49497" [_thread_blocked, id=48612, stack(0x00000049fd100000,0x00000049fd200000)]
  0x000001e6cfe211b0 JavaThread "Stdin handler" [_thread_blocked, id=47240, stack(0x00000049fd200000,0x00000049fd300000)]
  0x000001e6cfe1e660 JavaThread "Daemon client event forwarder" [_thread_blocked, id=50500, stack(0x00000049fd300000,0x00000049fd400000)]
  0x000001e6cfe20340 JavaThread "Cache worker for journal cache (C:\Users\DBENI\.gradle\caches\journal-1)" [_thread_blocked, id=63804, stack(0x00000049fd800000,0x00000049fd900000)]
  0x000001e6cfe1f000 JavaThread "File lock request listener" [_thread_in_native, id=58080, stack(0x00000049fd900000,0x00000049fda00000)]
  0x000001e6cfe1d7f0 JavaThread "Cache worker for file hash cache (C:\Users\DBENI\.gradle\caches\8.0\fileHashes)" [_thread_blocked, id=66332, stack(0x00000049fda00000,0x00000049fdb00000)]
  0x000001e6cfe20ce0 JavaThread "File watcher server" daemon [_thread_in_native, id=9916, stack(0x00000049fdb00000,0x00000049fdc00000)]
  0x000001e6cfe20810 JavaThread "File watcher consumer" daemon [_thread_blocked, id=57172, stack(0x00000049fdc00000,0x00000049fdd00000)]
  0x000001e6cfe1dcc0 JavaThread "Cache worker for checksums cache (C:\Users\DBENI\AndroidStudioProjects\EjemploNavegacion\.gradle\8.0\checksums)" [_thread_blocked, id=48460, stack(0x00000049fdd00000,0x00000049fde00000)]
  0x000001e6cfe1e190 JavaThread "Cache worker for cache directory md-rule (C:\Users\DBENI\.gradle\caches\8.0\md-rule)" [_thread_blocked, id=59240, stack(0x00000049fde00000,0x00000049fdf00000)]
  0x000001e6cfe1eb30 JavaThread "Cache worker for file content cache (C:\Users\DBENI\.gradle\caches\8.0\fileContent)" [_thread_blocked, id=54396, stack(0x00000049fdf00000,0x00000049fe000000)]
  0x000001e6cfe1f4d0 JavaThread "Cache worker for file hash cache (C:\Users\DBENI\AndroidStudioProjects\EjemploNavegacion\.gradle\8.0\fileHashes)" [_thread_blocked, id=62128, stack(0x00000049fe000000,0x00000049fe100000)]
  0x000001e6cfe1f9a0 JavaThread "Cache worker for cache directory md-supplier (C:\Users\DBENI\.gradle\caches\8.0\md-supplier)" [_thread_blocked, id=19596, stack(0x00000049fe100000,0x00000049fe200000)]
  0x000001e6d0d67e80 JavaThread "Cache worker for execution history cache (C:\Users\DBENI\.gradle\caches\8.0\executionHistory)" [_thread_blocked, id=64744, stack(0x00000049fe200000,0x00000049fe300000)]
  0x000001e6d0d68820 JavaThread "jar transforms" [_thread_blocked, id=24856, stack(0x00000049fe300000,0x00000049fe400000)]
  0x000001e6d0d69690 JavaThread "jar transforms Thread 2" [_thread_blocked, id=52488, stack(0x00000049fe400000,0x00000049fe500000)]
  0x000001e6d0d68cf0 JavaThread "Cache worker for kotlin-dsl (C:\Users\DBENI\.gradle\caches\8.0\kotlin-dsl)" [_thread_blocked, id=23124, stack(0x00000049fe500000,0x00000049fe600000)]
  0x000001e6d0d63180 JavaThread "jar transforms Thread 3" [_thread_blocked, id=784, stack(0x00000049fe600000,0x00000049fe700000)]
  0x000001e6d0d67010 JavaThread "jar transforms Thread 4" [_thread_blocked, id=36856, stack(0x00000049fe700000,0x00000049fe800000)]
  0x000001e6d0d63650 JavaThread "Cache worker for dependencies-accessors (C:\Users\DBENI\AndroidStudioProjects\EjemploNavegacion\.gradle\8.0\dependencies-accessors)" [_thread_blocked, id=61220, stack(0x00000049fe800000,0x00000049fe900000)]
  0x000001e6d0d64e60 JavaThread "Cache worker for Build Output Cleanup Cache (C:\Users\DBENI\AndroidStudioProjects\EjemploNavegacion\.gradle\buildOutputCleanup)" [_thread_blocked, id=50940, stack(0x00000049fe900000,0x00000049fea00000)]
  0x000001e6d0d65cd0 JavaThread "jar transforms Thread 5" [_thread_blocked, id=58020, stack(0x00000049fea00000,0x00000049feb00000)]
  0x000001e6d0d644c0 JavaThread "Unconstrained build operations" [_thread_blocked, id=32740, stack(0x00000049feb00000,0x00000049fec00000)]
  0x000001e6d0d68350 JavaThread "Unconstrained build operations Thread 2" [_thread_blocked, id=47664, stack(0x00000049fec00000,0x00000049fed00000)]
  0x000001e6d0d64990 JavaThread "Unconstrained build operations Thread 3" [_thread_blocked, id=46528, stack(0x00000049fed00000,0x00000049fee00000)]
  0x000001e6d0d65330 JavaThread "Unconstrained build operations Thread 4" [_thread_blocked, id=18144, stack(0x00000049fee00000,0x00000049fef00000)]
  0x000001e6d0d65800 JavaThread "Unconstrained build operations Thread 5" [_thread_blocked, id=58320, stack(0x00000049fef00000,0x00000049ff000000)]
  0x000001e6d0d661a0 JavaThread "Unconstrained build operations Thread 6" [_thread_blocked, id=20200, stack(0x00000049ff000000,0x00000049ff100000)]
  0x000001e6d0d66670 JavaThread "Unconstrained build operations Thread 7" [_thread_blocked, id=56356, stack(0x00000049ff100000,0x00000049ff200000)]
  0x000001e6d0d66b40 JavaThread "Unconstrained build operations Thread 8" [_thread_blocked, id=30080, stack(0x00000049ff200000,0x00000049ff300000)]
  0x000001e6d0d674e0 JavaThread "Unconstrained build operations Thread 9" [_thread_blocked, id=59872, stack(0x00000049ff300000,0x00000049ff400000)]
  0x000001e6d0d679b0 JavaThread "Unconstrained build operations Thread 10" [_thread_blocked, id=63900, stack(0x00000049ff400000,0x00000049ff500000)]
  0x000001e6ce947f10 JavaThread "Unconstrained build operations Thread 11" [_thread_blocked, id=60400, stack(0x00000049ff500000,0x00000049ff600000)]
  0x000001e6ce947570 JavaThread "Unconstrained build operations Thread 12" [_thread_blocked, id=51732, stack(0x00000049ff600000,0x00000049ff700000)]
  0x000001e6ce942870 JavaThread "Unconstrained build operations Thread 13" [_thread_blocked, id=10556, stack(0x00000049ff700000,0x00000049ff800000)]
  0x000001e6ce947a40 JavaThread "Unconstrained build operations Thread 14" [_thread_blocked, id=63108, stack(0x00000049ff800000,0x00000049ff900000)]
  0x000001e6ce9483e0 JavaThread "Unconstrained build operations Thread 15" [_thread_blocked, id=52588, stack(0x00000049ff900000,0x00000049ffa00000)]
  0x000001e6ce944080 JavaThread "Unconstrained build operations Thread 16" [_thread_blocked, id=62200, stack(0x00000049ffa00000,0x00000049ffb00000)]
  0x000001e6ce942d40 JavaThread "Unconstrained build operations Thread 17" [_thread_blocked, id=35556, stack(0x00000049ffb00000,0x00000049ffc00000)]
  0x000001e6ce946bd0 JavaThread "Unconstrained build operations Thread 18" [_thread_blocked, id=63712, stack(0x00000049ffc00000,0x00000049ffd00000)]
  0x000001e6ce943210 JavaThread "Unconstrained build operations Thread 19" [_thread_blocked, id=50088, stack(0x00000049ffd00000,0x00000049ffe00000)]
  0x000001e6ce9470a0 JavaThread "Unconstrained build operations Thread 20" [_thread_blocked, id=34524, stack(0x00000049ffe00000,0x00000049fff00000)]
  0x000001e6ce944550 JavaThread "Unconstrained build operations Thread 21" [_thread_blocked, id=46884, stack(0x00000049fff00000,0x0000004a00000000)]
  0x000001e6ce9423a0 JavaThread "Unconstrained build operations Thread 22" [_thread_blocked, id=45984, stack(0x0000004980000000,0x0000004980100000)]
  0x000001e6ce9453c0 JavaThread "Unconstrained build operations Thread 23" [_thread_blocked, id=63536, stack(0x0000004980100000,0x0000004980200000)]
  0x000001e6ce941a00 JavaThread "Unconstrained build operations Thread 24" [_thread_blocked, id=63236, stack(0x0000004980200000,0x0000004980300000)]
  0x000001e6ce944a20 JavaThread "Unconstrained build operations Thread 25" [_thread_blocked, id=24660, stack(0x0000004980300000,0x0000004980400000)]
  0x000001e6ce945890 JavaThread "Unconstrained build operations Thread 26" [_thread_blocked, id=62008, stack(0x0000004980400000,0x0000004980500000)]
  0x000001e6ce943bb0 JavaThread "Unconstrained build operations Thread 27" [_thread_blocked, id=46372, stack(0x0000004980500000,0x0000004980600000)]
  0x000001e6ce9436e0 JavaThread "Unconstrained build operations Thread 28" [_thread_blocked, id=58616, stack(0x0000004980600000,0x0000004980700000)]
  0x000001e6ce944ef0 JavaThread "Unconstrained build operations Thread 29" [_thread_blocked, id=65120, stack(0x0000004980700000,0x0000004980800000)]
  0x000001e6ce945d60 JavaThread "Unconstrained build operations Thread 30" [_thread_blocked, id=61664, stack(0x0000004980800000,0x0000004980900000)]
  0x000001e6ce9488b0 JavaThread "Unconstrained build operations Thread 31" [_thread_blocked, id=35488, stack(0x0000004980900000,0x0000004980a00000)]
  0x000001e6ce946700 JavaThread "Unconstrained build operations Thread 32" [_thread_blocked, id=65860, stack(0x0000004980a00000,0x0000004980b00000)]
  0x000001e6ce941060 JavaThread "Unconstrained build operations Thread 33" [_thread_blocked, id=63484, stack(0x0000004980b00000,0x0000004980c00000)]
  0x000001e6ce941530 JavaThread "Unconstrained build operations Thread 34" [_thread_blocked, id=44824, stack(0x0000004980c00000,0x0000004980d00000)]
  0x000001e6ce946230 JavaThread "Unconstrained build operations Thread 35" [_thread_blocked, id=61860, stack(0x0000004980d00000,0x0000004980e00000)]
  0x000001e6ce941ed0 JavaThread "Unconstrained build operations Thread 36" [_thread_blocked, id=63276, stack(0x0000004980e00000,0x0000004980f00000)]
  0x000001e6d110c3a0 JavaThread "Unconstrained build operations Thread 37" [_thread_blocked, id=51136, stack(0x0000004980f00000,0x0000004981000000)]
  0x000001e6d110ba00 JavaThread "Unconstrained build operations Thread 38" [_thread_blocked, id=47660, stack(0x0000004981000000,0x0000004981100000)]
  0x000001e6d110a6c0 JavaThread "Unconstrained build operations Thread 39" [_thread_blocked, id=62436, stack(0x0000004981100000,0x0000004981200000)]
  0x000001e6d11054f0 JavaThread "Unconstrained build operations Thread 40" [_thread_blocked, id=16988, stack(0x0000004981200000,0x0000004981300000)]
  0x000001e6d1105e90 JavaThread "Unconstrained build operations Thread 41" [_thread_blocked, id=32732, stack(0x0000004981300000,0x0000004981400000)]
  0x000001e6d1106360 JavaThread "Unconstrained build operations Thread 42" [_thread_blocked, id=18180, stack(0x0000004981400000,0x0000004981500000)]
  0x000001e6d110ab90 JavaThread "Unconstrained build operations Thread 43" [_thread_blocked, id=13904, stack(0x0000004981500000,0x0000004981600000)]
  0x000001e6d110c870 JavaThread "Unconstrained build operations Thread 44" [_thread_blocked, id=45092, stack(0x0000004981600000,0x0000004981700000)]
  0x000001e6d1106d00 JavaThread "Unconstrained build operations Thread 45" [_thread_blocked, id=55064, stack(0x0000004981700000,0x0000004981800000)]
  0x000001e6d1106830 JavaThread "Unconstrained build operations Thread 46" [_thread_blocked, id=368, stack(0x0000004981800000,0x0000004981900000)]
  0x000001e6d1108eb0 JavaThread "Unconstrained build operations Thread 47" [_thread_blocked, id=51076, stack(0x0000004981900000,0x0000004981a00000)]
  0x000001e6d1105020 JavaThread "Unconstrained build operations Thread 48" [_thread_blocked, id=61976, stack(0x0000004981a00000,0x0000004981b00000)]
  0x000001e6d11071d0 JavaThread "Unconstrained build operations Thread 49" [_thread_blocked, id=8380, stack(0x0000004981b00000,0x0000004981c00000)]
  0x000001e6d1109380 JavaThread "Unconstrained build operations Thread 50" [_thread_blocked, id=61968, stack(0x0000004981c00000,0x0000004981d00000)]
  0x000001e6d11076a0 JavaThread "Unconstrained build operations Thread 51" [_thread_blocked, id=41868, stack(0x0000004981d00000,0x0000004981e00000)]
  0x000001e6d11089e0 JavaThread "Unconstrained build operations Thread 52" [_thread_blocked, id=65968, stack(0x0000004981e00000,0x0000004981f00000)]
  0x000001e6d1109d20 JavaThread "Unconstrained build operations Thread 53" [_thread_blocked, id=52256, stack(0x0000004981f00000,0x0000004982000000)]
  0x000001e6d1109850 JavaThread "Unconstrained build operations Thread 54" [_thread_blocked, id=51920, stack(0x0000004982000000,0x0000004982100000)]
  0x000001e6d1107b70 JavaThread "Unconstrained build operations Thread 55" [_thread_blocked, id=52924, stack(0x0000004982100000,0x0000004982200000)]
  0x000001e6d1108040 JavaThread "Unconstrained build operations Thread 56" [_thread_blocked, id=57436, stack(0x0000004982200000,0x0000004982300000)]
  0x000001e6d110b530 JavaThread "Unconstrained build operations Thread 57" [_thread_blocked, id=42976, stack(0x0000004982300000,0x0000004982400000)]
  0x000001e6d110a1f0 JavaThread "Unconstrained build operations Thread 58" [_thread_blocked, id=51388, stack(0x0000004982400000,0x0000004982500000)]
  0x000001e6d110bed0 JavaThread "Unconstrained build operations Thread 59" [_thread_blocked, id=66388, stack(0x0000004982500000,0x0000004982600000)]
  0x000001e6d110b060 JavaThread "Unconstrained build operations Thread 60" [_thread_blocked, id=58412, stack(0x0000004982600000,0x0000004982700000)]
  0x000001e6d1108510 JavaThread "Unconstrained build operations Thread 61" [_thread_blocked, id=28392, stack(0x0000004982700000,0x0000004982800000)]
  0x000001e6d11059c0 JavaThread "Unconstrained build operations Thread 62" [_thread_blocked, id=63380, stack(0x0000004982800000,0x0000004982900000)]
  0x000001e6d14d06d0 JavaThread "Unconstrained build operations Thread 63" [_thread_blocked, id=60680, stack(0x0000004982900000,0x0000004982a00000)]
  0x000001e6d14cfd30 JavaThread "Unconstrained build operations Thread 64" [_thread_blocked, id=41972, stack(0x0000004982a00000,0x0000004982b00000)]
  0x000001e6d14d1a10 JavaThread "Unconstrained build operations Thread 65" [_thread_blocked, id=55184, stack(0x0000004982b00000,0x0000004982c00000)]
  0x000001e6d14cc840 JavaThread "Unconstrained build operations Thread 66" [_thread_blocked, id=65324, stack(0x0000004982c00000,0x0000004982d00000)]
  0x000001e6d14cdb80 JavaThread "Unconstrained build operations Thread 67" [_thread_blocked, id=64996, stack(0x0000004982d00000,0x0000004982e00000)]
  0x000001e6d14d1ee0 JavaThread "Unconstrained build operations Thread 68" [_thread_blocked, id=48392, stack(0x0000004982e00000,0x0000004982f00000)]
  0x000001e6d14ce520 JavaThread "Unconstrained build operations Thread 69" [_thread_blocked, id=12620, stack(0x0000004982f00000,0x0000004983000000)]
  0x000001e6d14ce9f0 JavaThread "Unconstrained build operations Thread 70" [_thread_blocked, id=47560, stack(0x0000004983000000,0x0000004983100000)]
  0x000001e6d14d3220 JavaThread "Unconstrained build operations Thread 71" [_thread_blocked, id=1872, stack(0x0000004983100000,0x0000004983200000)]
  0x000001e6d14d0ba0 JavaThread "Unconstrained build operations Thread 72" [_thread_blocked, id=42364, stack(0x0000004983200000,0x0000004983300000)]
  0x000001e6d14cf860 JavaThread "Unconstrained build operations Thread 73" [_thread_blocked, id=61648, stack(0x0000004983300000,0x0000004983400000)]
  0x000001e6d14ceec0 JavaThread "Unconstrained build operations Thread 74" [_thread_blocked, id=61616, stack(0x0000004983400000,0x0000004983500000)]
  0x000001e6d14d2880 JavaThread "Unconstrained build operations Thread 75" [_thread_blocked, id=38792, stack(0x0000004983500000,0x0000004983600000)]
  0x000001e6d14cd6b0 JavaThread "Unconstrained build operations Thread 76" [_thread_blocked, id=42232, stack(0x0000004983600000,0x0000004983700000)]
  0x000001e6d14cf390 JavaThread "Unconstrained build operations Thread 77" [_thread_blocked, id=63840, stack(0x0000004983700000,0x0000004983800000)]
  0x000001e6d14d1540 JavaThread "Unconstrained build operations Thread 78" [_thread_blocked, id=62596, stack(0x0000004983800000,0x0000004983900000)]
  0x000001e6d14d23b0 JavaThread "Unconstrained build operations Thread 79" [_thread_blocked, id=55900, stack(0x0000004983900000,0x0000004983a00000)]
  0x000001e6d14d2d50 JavaThread "Unconstrained build operations Thread 80" [_thread_blocked, id=50752, stack(0x0000004983a00000,0x0000004983b00000)]
  0x000001e6d14d0200 JavaThread "jar transforms Thread 6" [_thread_blocked, id=65084, stack(0x0000004983b00000,0x0000004983c00000)]
  0x000001e6d14ce050 JavaThread "jar transforms Thread 7" [_thread_blocked, id=66412, stack(0x0000004983c00000,0x0000004983d00000)]
  0x000001e6d14d36f0 JavaThread "jar transforms Thread 8" [_thread_blocked, id=40696, stack(0x0000004983d00000,0x0000004983e00000)]
  0x000001e6d14d1070 JavaThread "build event listener" [_thread_blocked, id=25832, stack(0x0000004983e00000,0x0000004983f00000)]
  0x000001e6d14d3bc0 JavaThread "Memory manager" [_thread_blocked, id=45964, stack(0x0000004983f00000,0x0000004984000000)]
  0x000001e6d14d4090 JavaThread "build event listener" [_thread_blocked, id=52804, stack(0x0000004984000000,0x0000004984100000)]
  0x000001e6d14ccd10 JavaThread "build event listener" [_thread_blocked, id=45528, stack(0x0000004984100000,0x0000004984200000)]
  0x000001e6d5725080 JavaThread "included builds" [_thread_blocked, id=19392, stack(0x0000004984200000,0x0000004984300000)]
  0x000001e6d5725550 JavaThread "Execution worker" [_thread_blocked, id=46036, stack(0x0000004984300000,0x0000004984400000)]
  0x000001e6d5724210 JavaThread "Execution worker Thread 2" [_thread_in_Java, id=9556, stack(0x0000004984400000,0x0000004984500000)]
  0x000001e6d5725a20 JavaThread "Execution worker Thread 3" [_thread_blocked, id=58988, stack(0x0000004984500000,0x0000004984600000)]
  0x000001e6d5723870 JavaThread "Execution worker Thread 4" [_thread_blocked, id=21836, stack(0x0000004984600000,0x0000004984700000)]
  0x000001e6d5723d40 JavaThread "Execution worker Thread 5" [_thread_blocked, id=60176, stack(0x0000004984700000,0x0000004984800000)]
  0x000001e6d57280a0 JavaThread "Execution worker Thread 6" [_thread_blocked, id=66496, stack(0x0000004984800000,0x0000004984900000)]
  0x000001e6d5727230 JavaThread "Execution worker Thread 7" [_thread_blocked, id=66112, stack(0x0000004984900000,0x0000004984a00000)]
  0x000001e6d57246e0 JavaThread "Cache worker for execution history cache (C:\Users\DBENI\AndroidStudioProjects\EjemploNavegacion\.gradle\8.0\executionHistory)" [_thread_blocked, id=36084, stack(0x0000004984a00000,0x0000004984b00000)]
  0x000001e6d57233a0 JavaThread "WorkerExecutor Queue" [_thread_in_vm, id=54176, stack(0x0000004984b00000,0x0000004984c00000)]
  0x000001e6d635c3b0 JavaThread "WorkerExecutor Queue Thread 2" [_thread_in_Java, id=60544, stack(0x0000004984e00000,0x0000004984f00000)]
  0x000001e6d5681df0 JavaThread "WorkerExecutor Queue Thread 3" [_thread_blocked, id=57364, stack(0x0000004985000000,0x0000004985100000)]
  0x000001e6d56822c0 JavaThread "WorkerExecutor Queue Thread 4" [_thread_in_Java, id=48788, stack(0x0000004985100000,0x0000004985200000)]
  0x000001e6d50baa40 JavaThread "WorkerExecutor Queue Thread 5" [_thread_blocked, id=51048, stack(0x0000004985200000,0x0000004985300000)]

Other Threads:
  0x000001e6cd889690 VMThread "VM Thread" [stack: 0x00000049fb900000,0x00000049fba00000] [id=53460]
  0x000001e6ce5bb230 WatcherThread [stack: 0x00000049fc500000,0x00000049fc600000] [id=55748]
  0x000001e6b3a96b20 GCTaskThread "GC Thread#0" [stack: 0x00000049fb400000,0x00000049fb500000] [id=52916]
  0x000001e6cefc4c60 GCTaskThread "GC Thread#1" [stack: 0x00000049fc600000,0x00000049fc700000] [id=5364]
  0x000001e6ce870bd0 GCTaskThread "GC Thread#2" [stack: 0x00000049fc700000,0x00000049fc800000] [id=64792]
  0x000001e6ceffec60 GCTaskThread "GC Thread#3" [stack: 0x00000049fc800000,0x00000049fc900000] [id=52140]
  0x000001e6cf4a5aa0 GCTaskThread "GC Thread#4" [stack: 0x00000049fc900000,0x00000049fca00000] [id=49460]
  0x000001e6ce6f1030 GCTaskThread "GC Thread#5" [stack: 0x00000049fd400000,0x00000049fd500000] [id=58984]
  0x000001e6ce6f12e0 GCTaskThread "GC Thread#6" [stack: 0x00000049fd500000,0x00000049fd600000] [id=61148]
  0x000001e6ce4dc020 GCTaskThread "GC Thread#7" [stack: 0x00000049fd600000,0x00000049fd700000] [id=48992]
  0x000001e6b3aa8200 ConcurrentGCThread "G1 Main Marker" [stack: 0x00000049fb500000,0x00000049fb600000] [id=34140]
  0x000001e6b3aa8c10 ConcurrentGCThread "G1 Conc#0" [stack: 0x00000049fb600000,0x00000049fb700000] [id=42124]
  0x000001e6ce46a990 ConcurrentGCThread "G1 Conc#1" [stack: 0x00000049fd700000,0x00000049fd800000] [id=55484]
  0x000001e6cd6e04a0 ConcurrentGCThread "G1 Refine#0" [stack: 0x00000049fb700000,0x00000049fb800000] [id=45244]
  0x000001e6d682f460 ConcurrentGCThread "G1 Refine#1" [stack: 0x0000004984f00000,0x0000004985000000] [id=50300]
  0x000001e6cd6e0ec0 ConcurrentGCThread "G1 Service" [stack: 0x00000049fb800000,0x00000049fb900000] [id=63696]

Threads with active compile tasks:
C2 CompilerThread0    43147 12725       4       com.android.utils.XmlUtils::append (597 bytes)
C1 CompilerThread0    43147 12850       2       java.io.ObjectInputStream$FieldValues::getFieldOffset (72 bytes)

VM state: not at safepoint (normal execution)

VM Mutex/Monitor currently owned by a thread: None

Heap address: 0x0000000080000000, size: 2048 MB, Compressed Oops mode: 32-bit

CDS archive(s) not mapped
Compressed class space mapped at: 0x0000000100000000-0x0000000140000000, reserved size: 1073741824
Narrow klass base: 0x0000000000000000, Narrow klass shift: 3, Narrow klass range: 0x140000000

GC Precious Log:
 CPUs: 8 total, 8 available
 Memory: 6005M
 Large Page Support: Disabled
 NUMA Support: Disabled
 Compressed Oops: Enabled (32-bit)
 Heap Region Size: 1M
 Heap Min Capacity: 8M
 Heap Initial Capacity: 94M
 Heap Max Capacity: 2G
 Pre-touch: Disabled
 Parallel Workers: 8
 Concurrent Workers: 2
 Concurrent Refinement Workers: 8
 Periodic GC: Disabled

Heap:
 garbage-first heap   total 219136K, used 143316K [0x0000000080000000, 0x0000000100000000)
  region size 1024K, 21 young (21504K), 4 survivors (4096K)
 Metaspace       used 102701K, committed 103424K, reserved 1138688K
  class space    used 13860K, committed 14208K, reserved 1048576K

Heap Regions: E=young(eden), S=young(survivor), O=old, HS=humongous(starts), HC=humongous(continues), CS=collection set, F=free, OA=open archive, CA=closed archive, TAMS=top-at-mark-start (previous, next)
|   0|0x0000000080000000, 0x0000000080100000, 0x0000000080100000|100%|HS|  |TAMS 0x0000000080100000, 0x0000000080000000| Complete 
|   1|0x0000000080100000, 0x0000000080200000, 0x0000000080200000|100%|HC|  |TAMS 0x0000000080200000, 0x0000000080100000| Complete 
|   2|0x0000000080200000, 0x0000000080300000, 0x0000000080300000|100%|HC|  |TAMS 0x0000000080300000, 0x0000000080200000| Complete 
|   3|0x0000000080300000, 0x0000000080400000, 0x0000000080400000|100%|HC|  |TAMS 0x0000000080400000, 0x0000000080300000| Complete 
|   4|0x0000000080400000, 0x0000000080500000, 0x0000000080500000|100%| O|  |TAMS 0x0000000080500000, 0x0000000080400000| Untracked 
|   5|0x0000000080500000, 0x0000000080600000, 0x0000000080600000|100%| O|  |TAMS 0x0000000080600000, 0x0000000080500000| Untracked 
|   6|0x0000000080600000, 0x0000000080700000, 0x0000000080700000|100%| O|  |TAMS 0x0000000080700000, 0x0000000080600000| Untracked 
|   7|0x0000000080700000, 0x0000000080800000, 0x0000000080800000|100%| O|  |TAMS 0x0000000080800000, 0x0000000080700000| Untracked 
|   8|0x0000000080800000, 0x0000000080900000, 0x0000000080900000|100%| O|  |TAMS 0x0000000080900000, 0x0000000080800000| Untracked 
|   9|0x0000000080900000, 0x0000000080a00000, 0x0000000080a00000|100%| O|  |TAMS 0x0000000080a00000, 0x0000000080900000| Untracked 
|  10|0x0000000080a00000, 0x0000000080b00000, 0x0000000080b00000|100%| O|  |TAMS 0x0000000080b00000, 0x0000000080a00000| Untracked 
|  11|0x0000000080b00000, 0x0000000080c00000, 0x0000000080c00000|100%| O|  |TAMS 0x0000000080c00000, 0x0000000080b00000| Untracked 
|  12|0x0000000080c00000, 0x0000000080d00000, 0x0000000080d00000|100%| O|  |TAMS 0x0000000080d00000, 0x0000000080c00000| Untracked 
|  13|0x0000000080d00000, 0x0000000080e00000, 0x0000000080e00000|100%| O|  |TAMS 0x0000000080e00000, 0x0000000080d00000| Untracked 
|  14|0x0000000080e00000, 0x0000000080f00000, 0x0000000080f00000|100%| O|  |TAMS 0x0000000080f00000, 0x0000000080e00000| Untracked 
|  15|0x0000000080f00000, 0x0000000081000000, 0x0000000081000000|100%| O|  |TAMS 0x0000000081000000, 0x0000000080f00000| Untracked 
|  16|0x0000000081000000, 0x0000000081100000, 0x0000000081100000|100%| O|  |TAMS 0x0000000081100000, 0x0000000081000000| Untracked 
|  17|0x0000000081100000, 0x0000000081200000, 0x0000000081200000|100%| O|  |TAMS 0x0000000081200000, 0x0000000081100000| Untracked 
|  18|0x0000000081200000, 0x0000000081300000, 0x0000000081300000|100%| O|  |TAMS 0x0000000081300000, 0x0000000081200000| Untracked 
|  19|0x0000000081300000, 0x0000000081400000, 0x0000000081400000|100%| O|  |TAMS 0x0000000081400000, 0x0000000081300000| Untracked 
|  20|0x0000000081400000, 0x0000000081500000, 0x0000000081500000|100%| O|  |TAMS 0x0000000081500000, 0x0000000081400000| Untracked 
|  21|0x0000000081500000, 0x0000000081600000, 0x0000000081600000|100%| O|  |TAMS 0x0000000081600000, 0x0000000081500000| Untracked 
|  22|0x0000000081600000, 0x0000000081700000, 0x0000000081700000|100%| O|  |TAMS 0x0000000081600000, 0x0000000081600000| Untracked 
|  23|0x0000000081700000, 0x0000000081800000, 0x0000000081800000|100%| O|  |TAMS 0x0000000081800000, 0x0000000081700000| Untracked 
|  24|0x0000000081800000, 0x0000000081800000, 0x0000000081900000|  0%| F|  |TAMS 0x0000000081800000, 0x0000000081800000| Untracked 
|  25|0x0000000081900000, 0x0000000081a00000, 0x0000000081a00000|100%| O|  |TAMS 0x0000000081a00000, 0x0000000081900000| Untracked 
|  26|0x0000000081a00000, 0x0000000081b00000, 0x0000000081b00000|100%| O|  |TAMS 0x0000000081b00000, 0x0000000081a00000| Untracked 
|  27|0x0000000081b00000, 0x0000000081c00000, 0x0000000081c00000|100%| O|  |TAMS 0x0000000081c00000, 0x0000000081b00000| Untracked 
|  28|0x0000000081c00000, 0x0000000081d00000, 0x0000000081d00000|100%| O|  |TAMS 0x0000000081d00000, 0x0000000081c00000| Untracked 
|  29|0x0000000081d00000, 0x0000000081e00000, 0x0000000081e00000|100%| O|  |TAMS 0x0000000081e00000, 0x0000000081d00000| Untracked 
|  30|0x0000000081e00000, 0x0000000081f00000, 0x0000000081f00000|100%| O|  |TAMS 0x0000000081f00000, 0x0000000081e00000| Untracked 
|  31|0x0000000081f00000, 0x0000000082000000, 0x0000000082000000|100%| O|  |TAMS 0x0000000082000000, 0x0000000081f00000| Untracked 
|  32|0x0000000082000000, 0x0000000082100000, 0x0000000082100000|100%| O|  |TAMS 0x0000000082100000, 0x0000000082000000| Untracked 
|  33|0x0000000082100000, 0x0000000082200000, 0x0000000082200000|100%| O|  |TAMS 0x0000000082200000, 0x0000000082100000| Untracked 
|  34|0x0000000082200000, 0x0000000082300000, 0x0000000082300000|100%| O|  |TAMS 0x0000000082300000, 0x0000000082200000| Untracked 
|  35|0x0000000082300000, 0x0000000082400000, 0x0000000082400000|100%|HS|  |TAMS 0x0000000082400000, 0x0000000082300000| Complete 
|  36|0x0000000082400000, 0x0000000082500000, 0x0000000082500000|100%|HS|  |TAMS 0x0000000082500000, 0x0000000082400000| Complete 
|  37|0x0000000082500000, 0x0000000082600000, 0x0000000082600000|100%| O|  |TAMS 0x0000000082600000, 0x0000000082500000| Untracked 
|  38|0x0000000082600000, 0x0000000082600000, 0x0000000082700000|  0%| F|  |TAMS 0x0000000082600000, 0x0000000082600000| Untracked 
|  39|0x0000000082700000, 0x0000000082800000, 0x0000000082800000|100%|HS|  |TAMS 0x0000000082800000, 0x0000000082700000| Complete 
|  40|0x0000000082800000, 0x0000000082900000, 0x0000000082900000|100%|HC|  |TAMS 0x0000000082900000, 0x0000000082800000| Complete 
|  41|0x0000000082900000, 0x0000000082a00000, 0x0000000082a00000|100%|HS|  |TAMS 0x0000000082a00000, 0x0000000082900000| Complete 
|  42|0x0000000082a00000, 0x0000000082b00000, 0x0000000082b00000|100%| O|  |TAMS 0x0000000082b00000, 0x0000000082a00000| Untracked 
|  43|0x0000000082b00000, 0x0000000082c00000, 0x0000000082c00000|100%|HS|  |TAMS 0x0000000082c00000, 0x0000000082b00000| Complete 
|  44|0x0000000082c00000, 0x0000000082d00000, 0x0000000082d00000|100%|HC|  |TAMS 0x0000000082d00000, 0x0000000082c00000| Complete 
|  45|0x0000000082d00000, 0x0000000082e00000, 0x0000000082e00000|100%|HC|  |TAMS 0x0000000082e00000, 0x0000000082d00000| Complete 
|  46|0x0000000082e00000, 0x0000000082f00000, 0x0000000082f00000|100%|HC|  |TAMS 0x0000000082f00000, 0x0000000082e00000| Complete 
|  47|0x0000000082f00000, 0x0000000083000000, 0x0000000083000000|100%| O|  |TAMS 0x0000000083000000, 0x0000000082f00000| Untracked 
|  48|0x0000000083000000, 0x0000000083100000, 0x0000000083100000|100%| O|  |TAMS 0x0000000083100000, 0x0000000083000000| Untracked 
|  49|0x0000000083100000, 0x0000000083200000, 0x0000000083200000|100%| O|  |TAMS 0x0000000083200000, 0x0000000083100000| Untracked 
|  50|0x0000000083200000, 0x0000000083300000, 0x0000000083300000|100%| O|  |TAMS 0x0000000083300000, 0x0000000083200000| Untracked 
|  51|0x0000000083300000, 0x0000000083400000, 0x0000000083400000|100%| O|  |TAMS 0x0000000083400000, 0x0000000083300000| Untracked 
|  52|0x0000000083400000, 0x0000000083500000, 0x0000000083500000|100%| O|  |TAMS 0x0000000083500000, 0x0000000083400000| Untracked 
|  53|0x0000000083500000, 0x0000000083600000, 0x0000000083600000|100%| O|  |TAMS 0x0000000083600000, 0x0000000083500000| Untracked 
|  54|0x0000000083600000, 0x0000000083700000, 0x0000000083700000|100%| O|  |TAMS 0x0000000083700000, 0x0000000083600000| Untracked 
|  55|0x0000000083700000, 0x0000000083800000, 0x0000000083800000|100%| O|  |TAMS 0x0000000083800000, 0x0000000083700000| Untracked 
|  56|0x0000000083800000, 0x0000000083900000, 0x0000000083900000|100%| O|  |TAMS 0x0000000083900000, 0x0000000083800000| Untracked 
|  57|0x0000000083900000, 0x0000000083a00000, 0x0000000083a00000|100%| O|  |TAMS 0x0000000083a00000, 0x0000000083900000| Untracked 
|  58|0x0000000083a00000, 0x0000000083b00000, 0x0000000083b00000|100%| O|  |TAMS 0x0000000083b00000, 0x0000000083a00000| Untracked 
|  59|0x0000000083b00000, 0x0000000083c00000, 0x0000000083c00000|100%| O|  |TAMS 0x0000000083c00000, 0x0000000083b00000| Untracked 
|  60|0x0000000083c00000, 0x0000000083d00000, 0x0000000083d00000|100%| O|  |TAMS 0x0000000083d00000, 0x0000000083c00000| Untracked 
|  61|0x0000000083d00000, 0x0000000083e00000, 0x0000000083e00000|100%| O|  |TAMS 0x0000000083e00000, 0x0000000083d00000| Untracked 
|  62|0x0000000083e00000, 0x0000000083f00000, 0x0000000083f00000|100%| O|  |TAMS 0x0000000083f00000, 0x0000000083e00000| Untracked 
|  63|0x0000000083f00000, 0x0000000084000000, 0x0000000084000000|100%| O|  |TAMS 0x0000000084000000, 0x0000000083f00000| Untracked 
|  64|0x0000000084000000, 0x0000000084100000, 0x0000000084100000|100%| O|  |TAMS 0x0000000084100000, 0x0000000084000000| Untracked 
|  65|0x0000000084100000, 0x0000000084200000, 0x0000000084200000|100%| O|  |TAMS 0x0000000084200000, 0x0000000084100000| Untracked 
|  66|0x0000000084200000, 0x0000000084300000, 0x0000000084300000|100%| O|  |TAMS 0x0000000084300000, 0x0000000084200000| Untracked 
|  67|0x0000000084300000, 0x0000000084400000, 0x0000000084400000|100%| O|  |TAMS 0x0000000084400000, 0x0000000084300000| Untracked 
|  68|0x0000000084400000, 0x0000000084500000, 0x0000000084500000|100%| O|  |TAMS 0x0000000084500000, 0x0000000084400000| Untracked 
|  69|0x0000000084500000, 0x0000000084600000, 0x0000000084600000|100%| O|  |TAMS 0x0000000084600000, 0x0000000084500000| Untracked 
|  70|0x0000000084600000, 0x0000000084700000, 0x0000000084700000|100%| O|  |TAMS 0x0000000084700000, 0x0000000084600000| Untracked 
|  71|0x0000000084700000, 0x0000000084800000, 0x0000000084800000|100%| O|  |TAMS 0x0000000084800000, 0x0000000084700000| Untracked 
|  72|0x0000000084800000, 0x0000000084900000, 0x0000000084900000|100%| O|  |TAMS 0x0000000084900000, 0x0000000084800000| Untracked 
|  73|0x0000000084900000, 0x0000000084a00000, 0x0000000084a00000|100%| O|  |TAMS 0x0000000084a00000, 0x0000000084900000| Untracked 
|  74|0x0000000084a00000, 0x0000000084b00000, 0x0000000084b00000|100%| O|  |TAMS 0x0000000084b00000, 0x0000000084a00000| Untracked 
|  75|0x0000000084b00000, 0x0000000084c00000, 0x0000000084c00000|100%| O|  |TAMS 0x0000000084c00000, 0x0000000084b00000| Untracked 
|  76|0x0000000084c00000, 0x0000000084d00000, 0x0000000084d00000|100%| O|  |TAMS 0x0000000084d00000, 0x0000000084c00000| Untracked 
|  77|0x0000000084d00000, 0x0000000084e00000, 0x0000000084e00000|100%| O|  |TAMS 0x0000000084e00000, 0x0000000084d00000| Untracked 
|  78|0x0000000084e00000, 0x0000000084f00000, 0x0000000084f00000|100%| O|  |TAMS 0x0000000084f00000, 0x0000000084e00000| Untracked 
|  79|0x0000000084f00000, 0x0000000085000000, 0x0000000085000000|100%| O|  |TAMS 0x0000000085000000, 0x0000000084f00000| Untracked 
|  80|0x0000000085000000, 0x0000000085100000, 0x0000000085100000|100%| O|  |TAMS 0x0000000085100000, 0x0000000085000000| Untracked 
|  81|0x0000000085100000, 0x0000000085200000, 0x0000000085200000|100%| O|  |TAMS 0x0000000085200000, 0x0000000085100000| Untracked 
|  82|0x0000000085200000, 0x0000000085300000, 0x0000000085300000|100%| O|  |TAMS 0x0000000085300000, 0x0000000085200000| Untracked 
|  83|0x0000000085300000, 0x0000000085400000, 0x0000000085400000|100%| O|  |TAMS 0x0000000085400000, 0x0000000085300000| Untracked 
|  84|0x0000000085400000, 0x0000000085500000, 0x0000000085500000|100%| O|  |TAMS 0x0000000085500000, 0x0000000085400000| Untracked 
|  85|0x0000000085500000, 0x0000000085600000, 0x0000000085600000|100%| O|  |TAMS 0x00000000855c3800, 0x0000000085500000| Untracked 
|  86|0x0000000085600000, 0x0000000085700000, 0x0000000085700000|100%| O|  |TAMS 0x0000000085600000, 0x0000000085600000| Untracked 
|  87|0x0000000085700000, 0x0000000085800000, 0x0000000085800000|100%| O|  |TAMS 0x0000000085700000, 0x0000000085700000| Untracked 
|  88|0x0000000085800000, 0x0000000085900000, 0x0000000085900000|100%| O|  |TAMS 0x0000000085800000, 0x0000000085800000| Untracked 
|  89|0x0000000085900000, 0x0000000085a00000, 0x0000000085a00000|100%| O|  |TAMS 0x0000000085900000, 0x0000000085900000| Untracked 
|  90|0x0000000085a00000, 0x0000000085b00000, 0x0000000085b00000|100%| O|  |TAMS 0x0000000085a00000, 0x0000000085a00000| Untracked 
|  91|0x0000000085b00000, 0x0000000085c00000, 0x0000000085c00000|100%| O|  |TAMS 0x0000000085b00000, 0x0000000085b00000| Untracked 
|  92|0x0000000085c00000, 0x0000000085d00000, 0x0000000085d00000|100%| O|  |TAMS 0x0000000085c00000, 0x0000000085c00000| Untracked 
|  93|0x0000000085d00000, 0x0000000085e00000, 0x0000000085e00000|100%| O|  |TAMS 0x0000000085d00000, 0x0000000085d00000| Untracked 
|  94|0x0000000085e00000, 0x0000000085f00000, 0x0000000085f00000|100%| O|  |TAMS 0x0000000085e00000, 0x0000000085e00000| Untracked 
|  95|0x0000000085f00000, 0x0000000086000000, 0x0000000086000000|100%| O|  |TAMS 0x0000000085f00000, 0x0000000085f00000| Untracked 
|  96|0x0000000086000000, 0x0000000086100000, 0x0000000086100000|100%| O|  |TAMS 0x0000000086000000, 0x0000000086000000| Untracked 
|  97|0x0000000086100000, 0x0000000086200000, 0x0000000086200000|100%| O|  |TAMS 0x0000000086100000, 0x0000000086100000| Untracked 
|  98|0x0000000086200000, 0x0000000086300000, 0x0000000086300000|100%| O|  |TAMS 0x0000000086200000, 0x0000000086200000| Untracked 
|  99|0x0000000086300000, 0x0000000086400000, 0x0000000086400000|100%| O|  |TAMS 0x0000000086300000, 0x0000000086300000| Untracked 
| 100|0x0000000086400000, 0x0000000086500000, 0x0000000086500000|100%| O|  |TAMS 0x0000000086400000, 0x0000000086400000| Untracked 
| 101|0x0000000086500000, 0x0000000086600000, 0x0000000086600000|100%| O|  |TAMS 0x0000000086500000, 0x0000000086500000| Untracked 
| 102|0x0000000086600000, 0x0000000086700000, 0x0000000086700000|100%|HS|  |TAMS 0x0000000086600000, 0x0000000086600000| Complete 
| 103|0x0000000086700000, 0x0000000086800000, 0x0000000086800000|100%|HC|  |TAMS 0x0000000086700000, 0x0000000086700000| Complete 
| 104|0x0000000086800000, 0x0000000086900000, 0x0000000086900000|100%| O|  |TAMS 0x0000000086800000, 0x0000000086800000| Untracked 
| 105|0x0000000086900000, 0x00000000869fc800, 0x0000000086a00000| 98%| O|  |TAMS 0x0000000086900000, 0x0000000086900000| Untracked 
| 106|0x0000000086a00000, 0x0000000086a00000, 0x0000000086b00000|  0%| F|  |TAMS 0x0000000086a00000, 0x0000000086a00000| Untracked 
| 107|0x0000000086b00000, 0x0000000086b00000, 0x0000000086c00000|  0%| F|  |TAMS 0x0000000086b00000, 0x0000000086b00000| Untracked 
| 108|0x0000000086c00000, 0x0000000086c00000, 0x0000000086d00000|  0%| F|  |TAMS 0x0000000086c00000, 0x0000000086c00000| Untracked 
| 109|0x0000000086d00000, 0x0000000086d00000, 0x0000000086e00000|  0%| F|  |TAMS 0x0000000086d00000, 0x0000000086d00000| Untracked 
| 110|0x0000000086e00000, 0x0000000086e00000, 0x0000000086f00000|  0%| F|  |TAMS 0x0000000086e00000, 0x0000000086e00000| Untracked 
| 111|0x0000000086f00000, 0x0000000086f00000, 0x0000000087000000|  0%| F|  |TAMS 0x0000000086f00000, 0x0000000086f00000| Untracked 
| 112|0x0000000087000000, 0x0000000087100000, 0x0000000087100000|100%| O|  |TAMS 0x0000000087000000, 0x0000000087000000| Untracked 
| 113|0x0000000087100000, 0x0000000087200000, 0x0000000087200000|100%| O|  |TAMS 0x0000000087100000, 0x0000000087100000| Untracked 
| 114|0x0000000087200000, 0x0000000087300000, 0x0000000087300000|100%| O|  |TAMS 0x0000000087200000, 0x0000000087200000| Untracked 
| 115|0x0000000087300000, 0x0000000087400000, 0x0000000087400000|100%| O|  |TAMS 0x0000000087300000, 0x0000000087300000| Untracked 
| 116|0x0000000087400000, 0x0000000087500000, 0x0000000087500000|100%| O|  |TAMS 0x0000000087400000, 0x0000000087400000| Untracked 
| 117|0x0000000087500000, 0x0000000087600000, 0x0000000087600000|100%| O|  |TAMS 0x0000000087500000, 0x0000000087500000| Untracked 
| 118|0x0000000087600000, 0x0000000087700000, 0x0000000087700000|100%| O|  |TAMS 0x0000000087600000, 0x0000000087600000| Untracked 
| 119|0x0000000087700000, 0x0000000087800000, 0x0000000087800000|100%| O|  |TAMS 0x0000000087700000, 0x0000000087700000| Untracked 
| 120|0x0000000087800000, 0x0000000087900000, 0x0000000087900000|100%| O|  |TAMS 0x0000000087800000, 0x0000000087800000| Untracked 
| 121|0x0000000087900000, 0x0000000087a00000, 0x0000000087a00000|100%| O|  |TAMS 0x0000000087900000, 0x0000000087900000| Untracked 
| 122|0x0000000087a00000, 0x0000000087b00000, 0x0000000087b00000|100%| O|  |TAMS 0x0000000087a00000, 0x0000000087a00000| Untracked 
| 123|0x0000000087b00000, 0x0000000087c00000, 0x0000000087c00000|100%| O|  |TAMS 0x0000000087b00000, 0x0000000087b00000| Untracked 
| 124|0x0000000087c00000, 0x0000000087d00000, 0x0000000087d00000|100%| O|  |TAMS 0x0000000087c00000, 0x0000000087c00000| Untracked 
| 125|0x0000000087d00000, 0x0000000087e00000, 0x0000000087e00000|100%| O|  |TAMS 0x0000000087d00000, 0x0000000087d00000| Untracked 
| 126|0x0000000087e00000, 0x0000000087f00000, 0x0000000087f00000|100%| O|  |TAMS 0x0000000087e00000, 0x0000000087e00000| Untracked 
| 127|0x0000000087f00000, 0x0000000088000000, 0x0000000088000000|100%| O|  |TAMS 0x0000000087f00000, 0x0000000087f00000| Untracked 
| 128|0x0000000088000000, 0x0000000088000000, 0x0000000088100000|  0%| F|  |TAMS 0x0000000088000000, 0x0000000088000000| Untracked 
| 129|0x0000000088100000, 0x0000000088100000, 0x0000000088200000|  0%| F|  |TAMS 0x0000000088100000, 0x0000000088100000| Untracked 
| 130|0x0000000088200000, 0x0000000088200000, 0x0000000088300000|  0%| F|  |TAMS 0x0000000088200000, 0x0000000088200000| Untracked 
| 131|0x0000000088300000, 0x0000000088300000, 0x0000000088400000|  0%| F|  |TAMS 0x0000000088300000, 0x0000000088300000| Untracked 
| 132|0x0000000088400000, 0x0000000088400000, 0x0000000088500000|  0%| F|  |TAMS 0x0000000088400000, 0x0000000088400000| Untracked 
| 133|0x0000000088500000, 0x0000000088500000, 0x0000000088600000|  0%| F|  |TAMS 0x0000000088500000, 0x0000000088500000| Untracked 
| 134|0x0000000088600000, 0x0000000088600000, 0x0000000088700000|  0%| F|  |TAMS 0x0000000088600000, 0x0000000088600000| Untracked 
| 135|0x0000000088700000, 0x0000000088700000, 0x0000000088800000|  0%| F|  |TAMS 0x0000000088700000, 0x0000000088700000| Untracked 
| 136|0x0000000088800000, 0x0000000088800000, 0x0000000088900000|  0%| F|  |TAMS 0x0000000088800000, 0x0000000088800000| Untracked 
| 137|0x0000000088900000, 0x0000000088900000, 0x0000000088a00000|  0%| F|  |TAMS 0x0000000088900000, 0x0000000088900000| Untracked 
| 138|0x0000000088a00000, 0x0000000088a00000, 0x0000000088b00000|  0%| F|  |TAMS 0x0000000088a00000, 0x0000000088a00000| Untracked 
| 139|0x0000000088b00000, 0x0000000088b00000, 0x0000000088c00000|  0%| F|  |TAMS 0x0000000088b00000, 0x0000000088b00000| Untracked 
| 140|0x0000000088c00000, 0x0000000088c00000, 0x0000000088d00000|  0%| F|  |TAMS 0x0000000088c00000, 0x0000000088c00000| Untracked 
| 141|0x0000000088d00000, 0x0000000088d00000, 0x0000000088e00000|  0%| F|  |TAMS 0x0000000088d00000, 0x0000000088d00000| Untracked 
| 142|0x0000000088e00000, 0x0000000088e00000, 0x0000000088f00000|  0%| F|  |TAMS 0x0000000088e00000, 0x0000000088e00000| Untracked 
| 143|0x0000000088f00000, 0x0000000088f00000, 0x0000000089000000|  0%| F|  |TAMS 0x0000000088f00000, 0x0000000088f00000| Untracked 
| 144|0x0000000089000000, 0x0000000089000000, 0x0000000089100000|  0%| F|  |TAMS 0x0000000089000000, 0x0000000089000000| Untracked 
| 145|0x0000000089100000, 0x0000000089100000, 0x0000000089200000|  0%| F|  |TAMS 0x0000000089100000, 0x0000000089100000| Untracked 
| 146|0x0000000089200000, 0x0000000089200000, 0x0000000089300000|  0%| F|  |TAMS 0x0000000089200000, 0x0000000089200000| Untracked 
| 147|0x0000000089300000, 0x0000000089300000, 0x0000000089400000|  0%| F|  |TAMS 0x0000000089300000, 0x0000000089300000| Untracked 
| 148|0x0000000089400000, 0x0000000089400000, 0x0000000089500000|  0%| F|  |TAMS 0x0000000089400000, 0x0000000089400000| Untracked 
| 149|0x0000000089500000, 0x0000000089500000, 0x0000000089600000|  0%| F|  |TAMS 0x0000000089500000, 0x0000000089500000| Untracked 
| 150|0x0000000089600000, 0x0000000089600000, 0x0000000089700000|  0%| F|  |TAMS 0x0000000089600000, 0x0000000089600000| Untracked 
| 151|0x0000000089700000, 0x0000000089700000, 0x0000000089800000|  0%| F|  |TAMS 0x0000000089700000, 0x0000000089700000| Untracked 
| 152|0x0000000089800000, 0x0000000089800000, 0x0000000089900000|  0%| F|  |TAMS 0x0000000089800000, 0x0000000089800000| Untracked 
| 153|0x0000000089900000, 0x0000000089900000, 0x0000000089a00000|  0%| F|  |TAMS 0x0000000089900000, 0x0000000089900000| Untracked 
| 154|0x0000000089a00000, 0x0000000089a00000, 0x0000000089b00000|  0%| F|  |TAMS 0x0000000089a00000, 0x0000000089a00000| Untracked 
| 155|0x0000000089b00000, 0x0000000089b00000, 0x0000000089c00000|  0%| F|  |TAMS 0x0000000089b00000, 0x0000000089b00000| Untracked 
| 156|0x0000000089c00000, 0x0000000089c00000, 0x0000000089d00000|  0%| F|  |TAMS 0x0000000089c00000, 0x0000000089c00000| Untracked 
| 157|0x0000000089d00000, 0x0000000089d00000, 0x0000000089e00000|  0%| F|  |TAMS 0x0000000089d00000, 0x0000000089d00000| Untracked 
| 158|0x0000000089e00000, 0x0000000089e00000, 0x0000000089f00000|  0%| F|  |TAMS 0x0000000089e00000, 0x0000000089e00000| Untracked 
| 159|0x0000000089f00000, 0x0000000089f00000, 0x000000008a000000|  0%| F|  |TAMS 0x0000000089f00000, 0x0000000089f00000| Untracked 
| 160|0x000000008a000000, 0x000000008a000000, 0x000000008a100000|  0%| F|  |TAMS 0x000000008a000000, 0x000000008a000000| Untracked 
| 161|0x000000008a100000, 0x000000008a100000, 0x000000008a200000|  0%| F|  |TAMS 0x000000008a100000, 0x000000008a100000| Untracked 
| 162|0x000000008a200000, 0x000000008a200000, 0x000000008a300000|  0%| F|  |TAMS 0x000000008a200000, 0x000000008a200000| Untracked 
| 163|0x000000008a300000, 0x000000008a300000, 0x000000008a400000|  0%| F|  |TAMS 0x000000008a300000, 0x000000008a300000| Untracked 
| 164|0x000000008a400000, 0x000000008a400000, 0x000000008a500000|  0%| F|  |TAMS 0x000000008a400000, 0x000000008a400000| Untracked 
| 165|0x000000008a500000, 0x000000008a500000, 0x000000008a600000|  0%| F|  |TAMS 0x000000008a500000, 0x000000008a500000| Untracked 
| 166|0x000000008a600000, 0x000000008a600000, 0x000000008a700000|  0%| F|  |TAMS 0x000000008a600000, 0x000000008a600000| Untracked 
| 167|0x000000008a700000, 0x000000008a700000, 0x000000008a800000|  0%| F|  |TAMS 0x000000008a700000, 0x000000008a700000| Untracked 
| 168|0x000000008a800000, 0x000000008a800000, 0x000000008a900000|  0%| F|  |TAMS 0x000000008a800000, 0x000000008a800000| Untracked 
| 169|0x000000008a900000, 0x000000008a9f8ba0, 0x000000008aa00000| 97%| S|CS|TAMS 0x000000008a900000, 0x000000008a900000| Complete 
| 170|0x000000008aa00000, 0x000000008ab00000, 0x000000008ab00000|100%| S|CS|TAMS 0x000000008aa00000, 0x000000008aa00000| Complete 
| 171|0x000000008ab00000, 0x000000008ac00000, 0x000000008ac00000|100%| S|CS|TAMS 0x000000008ab00000, 0x000000008ab00000| Complete 
| 172|0x000000008ac00000, 0x000000008ad00000, 0x000000008ad00000|100%| S|CS|TAMS 0x000000008ac00000, 0x000000008ac00000| Complete 
| 173|0x000000008ad00000, 0x000000008ad00000, 0x000000008ae00000|  0%| F|  |TAMS 0x000000008ad00000, 0x000000008ad00000| Untracked 
| 174|0x000000008ae00000, 0x000000008ae00000, 0x000000008af00000|  0%| F|  |TAMS 0x000000008ae00000, 0x000000008ae00000| Untracked 
| 175|0x000000008af00000, 0x000000008af00000, 0x000000008b000000|  0%| F|  |TAMS 0x000000008af00000, 0x000000008af00000| Untracked 
| 176|0x000000008b000000, 0x000000008b000000, 0x000000008b100000|  0%| F|  |TAMS 0x000000008b000000, 0x000000008b000000| Untracked 
| 177|0x000000008b100000, 0x000000008b100000, 0x000000008b200000|  0%| F|  |TAMS 0x000000008b100000, 0x000000008b100000| Untracked 
| 178|0x000000008b200000, 0x000000008b200000, 0x000000008b300000|  0%| F|  |TAMS 0x000000008b200000, 0x000000008b200000| Untracked 
| 179|0x000000008b300000, 0x000000008b300000, 0x000000008b400000|  0%| F|  |TAMS 0x000000008b300000, 0x000000008b300000| Untracked 
| 180|0x000000008b400000, 0x000000008b400000, 0x000000008b500000|  0%| F|  |TAMS 0x000000008b400000, 0x000000008b400000| Untracked 
| 181|0x000000008b500000, 0x000000008b500000, 0x000000008b600000|  0%| F|  |TAMS 0x000000008b500000, 0x000000008b500000| Untracked 
| 182|0x000000008b600000, 0x000000008b600000, 0x000000008b700000|  0%| F|  |TAMS 0x000000008b600000, 0x000000008b600000| Untracked 
| 183|0x000000008b700000, 0x000000008b700000, 0x000000008b800000|  0%| F|  |TAMS 0x000000008b700000, 0x000000008b700000| Untracked 
| 184|0x000000008b800000, 0x000000008b800000, 0x000000008b900000|  0%| F|  |TAMS 0x000000008b800000, 0x000000008b800000| Untracked 
| 185|0x000000008b900000, 0x000000008b900000, 0x000000008ba00000|  0%| F|  |TAMS 0x000000008b900000, 0x000000008b900000| Untracked 
| 186|0x000000008ba00000, 0x000000008ba00000, 0x000000008bb00000|  0%| F|  |TAMS 0x000000008ba00000, 0x000000008ba00000| Untracked 
| 187|0x000000008bb00000, 0x000000008bb00000, 0x000000008bc00000|  0%| F|  |TAMS 0x000000008bb00000, 0x000000008bb00000| Untracked 
| 188|0x000000008bc00000, 0x000000008bc00000, 0x000000008bd00000|  0%| F|  |TAMS 0x000000008bc00000, 0x000000008bc00000| Untracked 
| 189|0x000000008bd00000, 0x000000008bd00000, 0x000000008be00000|  0%| F|  |TAMS 0x000000008bd00000, 0x000000008bd00000| Untracked 
| 190|0x000000008be00000, 0x000000008be00000, 0x000000008bf00000|  0%| F|  |TAMS 0x000000008be00000, 0x000000008be00000| Untracked 
| 191|0x000000008bf00000, 0x000000008bf00000, 0x000000008c000000|  0%| F|  |TAMS 0x000000008bf00000, 0x000000008bf00000| Untracked 
| 192|0x000000008c000000, 0x000000008c000000, 0x000000008c100000|  0%| F|  |TAMS 0x000000008c000000, 0x000000008c000000| Untracked 
| 193|0x000000008c100000, 0x000000008c100000, 0x000000008c200000|  0%| F|  |TAMS 0x000000008c100000, 0x000000008c100000| Untracked 
| 194|0x000000008c200000, 0x000000008c200000, 0x000000008c300000|  0%| F|  |TAMS 0x000000008c200000, 0x000000008c200000| Untracked 
| 195|0x000000008c300000, 0x000000008c3287e0, 0x000000008c400000| 15%| E|  |TAMS 0x000000008c300000, 0x000000008c300000| Complete 
| 196|0x000000008c400000, 0x000000008c500000, 0x000000008c500000|100%| E|CS|TAMS 0x000000008c400000, 0x000000008c400000| Complete 
| 197|0x000000008c500000, 0x000000008c600000, 0x000000008c600000|100%| E|CS|TAMS 0x000000008c500000, 0x000000008c500000| Complete 
| 198|0x000000008c600000, 0x000000008c700000, 0x000000008c700000|100%| E|CS|TAMS 0x000000008c600000, 0x000000008c600000| Complete 
| 199|0x000000008c700000, 0x000000008c800000, 0x000000008c800000|100%| E|CS|TAMS 0x000000008c700000, 0x000000008c700000| Complete 
| 200|0x000000008c800000, 0x000000008c900000, 0x000000008c900000|100%| E|CS|TAMS 0x000000008c800000, 0x000000008c800000| Complete 
| 201|0x000000008c900000, 0x000000008ca00000, 0x000000008ca00000|100%| E|CS|TAMS 0x000000008c900000, 0x000000008c900000| Complete 
| 202|0x000000008ca00000, 0x000000008cb00000, 0x000000008cb00000|100%| E|CS|TAMS 0x000000008ca00000, 0x000000008ca00000| Complete 
| 203|0x000000008cb00000, 0x000000008cc00000, 0x000000008cc00000|100%| E|CS|TAMS 0x000000008cb00000, 0x000000008cb00000| Complete 
| 204|0x000000008cc00000, 0x000000008cd00000, 0x000000008cd00000|100%| E|CS|TAMS 0x000000008cc00000, 0x000000008cc00000| Complete 
| 205|0x000000008cd00000, 0x000000008ce00000, 0x000000008ce00000|100%| E|CS|TAMS 0x000000008cd00000, 0x000000008cd00000| Complete 
| 206|0x000000008ce00000, 0x000000008cf00000, 0x000000008cf00000|100%| E|CS|TAMS 0x000000008ce00000, 0x000000008ce00000| Complete 
| 207|0x000000008cf00000, 0x000000008d000000, 0x000000008d000000|100%| E|CS|TAMS 0x000000008cf00000, 0x000000008cf00000| Complete 
| 208|0x000000008d000000, 0x000000008d100000, 0x000000008d100000|100%| E|CS|TAMS 0x000000008d000000, 0x000000008d000000| Complete 
| 209|0x000000008d100000, 0x000000008d200000, 0x000000008d200000|100%| E|CS|TAMS 0x000000008d100000, 0x000000008d100000| Complete 
| 210|0x000000008d200000, 0x000000008d300000, 0x000000008d300000|100%| E|CS|TAMS 0x000000008d200000, 0x000000008d200000| Complete 
| 211|0x000000008d300000, 0x000000008d400000, 0x000000008d400000|100%| E|CS|TAMS 0x000000008d300000, 0x000000008d300000| Complete 
| 212|0x000000008d400000, 0x000000008d500000, 0x000000008d500000|100%| E|CS|TAMS 0x000000008d400000, 0x000000008d400000| Complete 
| 213|0x000000008d500000, 0x000000008d600000, 0x000000008d600000|100%| E|CS|TAMS 0x000000008d500000, 0x000000008d500000| Complete 

Card table byte_map: [0x000001e6c6630000,0x000001e6c6a30000] _byte_map_base: 0x000001e6c6230000

Marking Bits (Prev, Next): (CMBitMap*) 0x000001e6b3a97130, (CMBitMap*) 0x000001e6b3a97170
 Prev Bits: [0x000001e6c6e30000, 0x000001e6c8e30000)
 Next Bits: [0x000001e6c8e30000, 0x000001e6cae30000)

Polling page: 0x000001e6b1a40000

Metaspace:

Usage:
  Non-class:     86.77 MB used.
      Class:     13.54 MB used.
       Both:    100.31 MB used.

Virtual space:
  Non-class space:       88.00 MB reserved,      87.12 MB (>99%) committed,  11 nodes.
      Class space:        1.00 GB reserved,      13.88 MB (  1%) committed,  1 nodes.
             Both:        1.09 GB reserved,     101.00 MB (  9%) committed. 

Chunk freelists:
   Non-Class:  576.00 KB
       Class:  2.13 MB
        Both:  2.69 MB

MaxMetaspaceSize: unlimited
CompressedClassSpaceSize: 1.00 GB
Initial GC threshold: 21.00 MB
Current GC threshold: 166.06 MB
CDS: off
MetaspaceReclaimPolicy: balanced
 - commit_granule_bytes: 65536.
 - commit_granule_words: 8192.
 - virtual_space_node_default_size: 1048576.
 - enlarge_chunks_in_place: 1.
 - new_chunks_are_fully_committed: 0.
 - uncommit_free_chunks: 1.
 - use_allocation_guard: 0.
 - handle_deallocations: 1.


Internal statistics:

num_allocs_failed_limit: 6.
num_arena_births: 1216.
num_arena_deaths: 0.
num_vsnodes_births: 12.
num_vsnodes_deaths: 0.
num_space_committed: 1615.
num_space_uncommitted: 0.
num_chunks_returned_to_freelist: 6.
num_chunks_taken_from_freelist: 5089.
num_chunk_merges: 6.
num_chunk_splits: 3354.
num_chunks_enlarged: 2246.
num_purges: 0.
num_inconsistent_stats: 0.

CodeHeap 'non-profiled nmethods': size=120000Kb used=6632Kb max_used=6632Kb free=113367Kb
 bounds [0x000001e6be9d0000, 0x000001e6bf050000, 0x000001e6c5f00000]
CodeHeap 'profiled nmethods': size=120000Kb used=21869Kb max_used=21869Kb free=98130Kb
 bounds [0x000001e6b6f00000, 0x000001e6b8460000, 0x000001e6be430000]
CodeHeap 'non-nmethods': size=5760Kb used=2404Kb max_used=2454Kb free=3355Kb
 bounds [0x000001e6be430000, 0x000001e6be6a0000, 0x000001e6be9d0000]
 total_blobs=12108 nmethods=11163 adapters=857
 compilation: enabled
              stopped_count=0, restarted_count=0
 full_count=0

Compilation events (20 events):
Event: 43.004 Thread 0x000001e6ce420dc0 12734       3       java.lang.StringLatin1::toBytes (9 bytes)
Event: 43.004 Thread 0x000001e6ce420dc0 nmethod 12734 0x000001e6b8418710 code [0x000001e6b84188a0, 0x000001e6b8418a38]
Event: 43.014 Thread 0x000001e6ce420dc0 12735       1       com.android.aaptcompiler.ResourcePathData::getResourceDirectory (5 bytes)
Event: 43.014 Thread 0x000001e6ce420dc0 nmethod 12735 0x000001e6bf049110 code [0x000001e6bf0492a0, 0x000001e6bf049378]
Event: 43.015 Thread 0x000001e6ce420dc0 12736       1       com.android.aaptcompiler.ResourcePathData::getExtension (5 bytes)
Event: 43.016 Thread 0x000001e6ce420dc0 nmethod 12736 0x000001e6bf049410 code [0x000001e6bf0495a0, 0x000001e6bf049678]
Event: 43.016 Thread 0x000001e6ce420dc0 12737       1       com.android.ide.common.resources.CompileResourceRequest::isPngCrunching (5 bytes)
Event: 43.016 Thread 0x000001e6ce420dc0 nmethod 12737 0x000001e6bf049710 code [0x000001e6bf0498a0, 0x000001e6bf049978]
Event: 43.016 Thread 0x000001e6ce420dc0 12738       3       kotlin.text.StringsKt__StringsKt::substringBefore$default (15 bytes)
Event: 43.016 Thread 0x000001e6ce420dc0 nmethod 12738 0x000001e6b8418b10 code [0x000001e6b8418ca0, 0x000001e6b8418de8]
Event: 43.016 Thread 0x000001e6ce420dc0 12739       3       kotlin.text.StringsKt__StringsKt::substringBefore (65 bytes)
Event: 43.017 Thread 0x000001e6ce420dc0 nmethod 12739 0x000001e6b8418e90 code [0x000001e6b84191c0, 0x000001e6b841a208]
Event: 43.038 Thread 0x000001e6ce420dc0 12745   !   3       java.io.ObjectOutputStream::writeObject (38 bytes)
Event: 43.038 Thread 0x000001e6ce420dc0 nmethod 12745 0x000001e6b841a810 code [0x000001e6b841a9e0, 0x000001e6b841ad38]
Event: 43.039 Thread 0x000001e6ce420dc0 12747       3       java.io.ObjectStreamClass$FieldReflector::getObjFieldValues (96 bytes)
Event: 43.039 Thread 0x000001e6ce420dc0 nmethod 12747 0x000001e6b841ae90 code [0x000001e6b841b080, 0x000001e6b841b6f8]
Event: 43.039 Thread 0x000001e6ce420dc0 12748       3       java.io.ObjectStreamClass$FieldReflector::getPrimFieldValues (317 bytes)
Event: 43.040 Thread 0x000001e6ce420dc0 nmethod 12748 0x000001e6b841ba10 code [0x000001e6b841bcc0, 0x000001e6b841cbf8]
Event: 43.040 Thread 0x000001e6ce420dc0 12749       3       java.io.ObjectOutputStream$BlockDataOutputStream::write (152 bytes)
Event: 43.041 Thread 0x000001e6ce420dc0 nmethod 12749 0x000001e6b841d210 code [0x000001e6b841d440, 0x000001e6b841dc78]

GC Heap History (20 events):
Event: 25.780 GC heap before
{Heap before GC invocations=48 (full 0):
 garbage-first heap   total 141312K, used 113671K [0x0000000080000000, 0x0000000100000000)
  region size 1024K, 42 young (43008K), 4 survivors (4096K)
 Metaspace       used 91960K, committed 92544K, reserved 1130496K
  class space    used 12581K, committed 12864K, reserved 1048576K
}
Event: 25.786 GC heap after
{Heap after GC invocations=49 (full 0):
 garbage-first heap   total 141312K, used 77933K [0x0000000080000000, 0x0000000100000000)
  region size 1024K, 4 young (4096K), 4 survivors (4096K)
 Metaspace       used 91960K, committed 92544K, reserved 1130496K
  class space    used 12581K, committed 12864K, reserved 1048576K
}
Event: 25.829 GC heap before
{Heap before GC invocations=49 (full 0):
 garbage-first heap   total 141312K, used 79981K [0x0000000080000000, 0x0000000100000000)
  region size 1024K, 6 young (6144K), 4 survivors (4096K)
 Metaspace       used 92038K, committed 92608K, reserved 1130496K
  class space    used 12594K, committed 12864K, reserved 1048576K
}
Event: 25.833 GC heap after
{Heap after GC invocations=50 (full 0):
 garbage-first heap   total 141312K, used 77967K [0x0000000080000000, 0x0000000100000000)
  region size 1024K, 1 young (1024K), 1 survivors (1024K)
 Metaspace       used 92038K, committed 92608K, reserved 1130496K
  class space    used 12594K, committed 12864K, reserved 1048576K
}
Event: 26.289 GC heap before
{Heap before GC invocations=50 (full 0):
 garbage-first heap   total 141312K, used 114831K [0x0000000080000000, 0x0000000100000000)
  region size 1024K, 37 young (37888K), 1 survivors (1024K)
 Metaspace       used 93692K, committed 94336K, reserved 1130496K
  class space    used 12815K, committed 13120K, reserved 1048576K
}
Event: 26.295 GC heap after
{Heap after GC invocations=51 (full 0):
 garbage-first heap   total 141312K, used 81790K [0x0000000080000000, 0x0000000100000000)
  region size 1024K, 5 young (5120K), 5 survivors (5120K)
 Metaspace       used 93692K, committed 94336K, reserved 1130496K
  class space    used 12815K, committed 13120K, reserved 1048576K
}
Event: 26.566 GC heap before
{Heap before GC invocations=52 (full 0):
 garbage-first heap   total 150528K, used 115582K [0x0000000080000000, 0x0000000100000000)
  region size 1024K, 38 young (38912K), 5 survivors (5120K)
 Metaspace       used 93790K, committed 94400K, reserved 1130496K
  class space    used 12821K, committed 13120K, reserved 1048576K
}
Event: 26.572 GC heap after
{Heap after GC invocations=53 (full 0):
 garbage-first heap   total 150528K, used 86904K [0x0000000080000000, 0x0000000100000000)
  region size 1024K, 5 young (5120K), 5 survivors (5120K)
 Metaspace       used 93790K, committed 94400K, reserved 1130496K
  class space    used 12821K, committed 13120K, reserved 1048576K
}
Event: 26.842 GC heap before
{Heap before GC invocations=53 (full 0):
 garbage-first heap   total 150528K, used 88952K [0x0000000080000000, 0x0000000100000000)
  region size 1024K, 7 young (7168K), 5 survivors (5120K)
 Metaspace       used 93887K, committed 94464K, reserved 1130496K
  class space    used 12842K, committed 13120K, reserved 1048576K
}
Event: 26.847 GC heap after
{Heap after GC invocations=54 (full 0):
 garbage-first heap   total 150528K, used 87822K [0x0000000080000000, 0x0000000100000000)
  region size 1024K, 1 young (1024K), 1 survivors (1024K)
 Metaspace       used 93887K, committed 94464K, reserved 1130496K
  class space    used 12842K, committed 13120K, reserved 1048576K
}
Event: 30.140 GC heap before
{Heap before GC invocations=54 (full 0):
 garbage-first heap   total 150528K, used 122638K [0x0000000080000000, 0x0000000100000000)
  region size 1024K, 35 young (35840K), 1 survivors (1024K)
 Metaspace       used 97624K, committed 98240K, reserved 1138688K
  class space    used 13348K, committed 13632K, reserved 1048576K
}
Event: 30.145 GC heap after
{Heap after GC invocations=55 (full 0):
 garbage-first heap   total 219136K, used 89870K [0x0000000080000000, 0x0000000100000000)
  region size 1024K, 3 young (3072K), 3 survivors (3072K)
 Metaspace       used 97624K, committed 98240K, reserved 1138688K
  class space    used 13348K, committed 13632K, reserved 1048576K
}
Event: 37.027 GC heap before
{Heap before GC invocations=55 (full 0):
 garbage-first heap   total 219136K, used 173838K [0x0000000080000000, 0x0000000100000000)
  region size 1024K, 86 young (88064K), 3 survivors (3072K)
 Metaspace       used 101061K, committed 101888K, reserved 1138688K
  class space    used 13735K, committed 14144K, reserved 1048576K
}
Event: 37.063 GC heap after
{Heap after GC invocations=56 (full 0):
 garbage-first heap   total 219136K, used 96752K [0x0000000080000000, 0x0000000100000000)
  region size 1024K, 10 young (10240K), 10 survivors (10240K)
 Metaspace       used 101061K, committed 101888K, reserved 1138688K
  class space    used 13735K, committed 14144K, reserved 1048576K
}
Event: 38.295 GC heap before
{Heap before GC invocations=56 (full 0):
 garbage-first heap   total 219136K, used 114160K [0x0000000080000000, 0x0000000100000000)
  region size 1024K, 27 young (27648K), 10 survivors (10240K)
 Metaspace       used 101197K, committed 102016K, reserved 1138688K
  class space    used 13735K, committed 14144K, reserved 1048576K
}
Event: 38.384 GC heap after
{Heap after GC invocations=57 (full 0):
 garbage-first heap   total 219136K, used 105221K [0x0000000080000000, 0x0000000100000000)
  region size 1024K, 8 young (8192K), 8 survivors (8192K)
 Metaspace       used 101197K, committed 102016K, reserved 1138688K
  class space    used 13735K, committed 14144K, reserved 1048576K
}
Event: 40.771 GC heap before
{Heap before GC invocations=58 (full 0):
 garbage-first heap   total 219136K, used 169733K [0x0000000080000000, 0x0000000100000000)
  region size 1024K, 56 young (57344K), 8 survivors (8192K)
 Metaspace       used 102147K, committed 102912K, reserved 1138688K
  class space    used 13824K, committed 14208K, reserved 1048576K
}
Event: 40.789 GC heap after
{Heap after GC invocations=59 (full 0):
 garbage-first heap   total 219136K, used 122539K [0x0000000080000000, 0x0000000100000000)
  region size 1024K, 7 young (7168K), 7 survivors (7168K)
 Metaspace       used 102147K, committed 102912K, reserved 1138688K
  class space    used 13824K, committed 14208K, reserved 1048576K
}
Event: 40.954 GC heap before
{Heap before GC invocations=59 (full 0):
 garbage-first heap   total 219136K, used 124587K [0x0000000080000000, 0x0000000100000000)
  region size 1024K, 10 young (10240K), 7 survivors (7168K)
 Metaspace       used 102155K, committed 102912K, reserved 1138688K
  class space    used 13824K, committed 14208K, reserved 1048576K
}
Event: 40.964 GC heap after
{Heap after GC invocations=60 (full 0):
 garbage-first heap   total 219136K, used 124408K [0x0000000080000000, 0x0000000100000000)
  region size 1024K, 2 young (2048K), 2 survivors (2048K)
 Metaspace       used 102155K, committed 102912K, reserved 1138688K
  class space    used 13824K, committed 14208K, reserved 1048576K
}

Dll operation events (2 events):
Event: 0.043 Loaded shared library K:\Programas\Android Studio\jbr\bin\java.dll
Event: 0.658 Loaded shared library K:\Programas\Android Studio\jbr\bin\verify.dll

Deoptimization events (20 events):
Event: 42.906 Thread 0x000001e6d5724210 DEOPT PACKING pc=0x000001e6b84165f2 sp=0x00000049844fa5a0
Event: 42.906 Thread 0x000001e6d5724210 DEOPT UNPACKING pc=0x000001e6be487143 sp=0x00000049844f9aa0 mode 0
Event: 42.906 Thread 0x000001e6d5724210 DEOPT PACKING pc=0x000001e6b84165f2 sp=0x00000049844fa5a0
Event: 42.906 Thread 0x000001e6d5724210 DEOPT UNPACKING pc=0x000001e6be487143 sp=0x00000049844f9aa0 mode 0
Event: 42.906 Thread 0x000001e6d5724210 DEOPT PACKING pc=0x000001e6b84165f2 sp=0x00000049844fa5a0
Event: 42.906 Thread 0x000001e6d5724210 DEOPT UNPACKING pc=0x000001e6be487143 sp=0x00000049844f9aa0 mode 0
Event: 42.906 Thread 0x000001e6d5724210 DEOPT PACKING pc=0x000001e6b84165f2 sp=0x00000049844fa5a0
Event: 42.906 Thread 0x000001e6d5724210 DEOPT UNPACKING pc=0x000001e6be487143 sp=0x00000049844f9aa0 mode 0
Event: 42.907 Thread 0x000001e6d5724210 DEOPT PACKING pc=0x000001e6b84165f2 sp=0x00000049844fa5a0
Event: 42.907 Thread 0x000001e6d5724210 DEOPT UNPACKING pc=0x000001e6be487143 sp=0x00000049844f9aa0 mode 0
Event: 42.907 Thread 0x000001e6d5724210 DEOPT PACKING pc=0x000001e6b84165f2 sp=0x00000049844fa5a0
Event: 42.907 Thread 0x000001e6d5724210 DEOPT UNPACKING pc=0x000001e6be487143 sp=0x00000049844f9aa0 mode 0
Event: 42.907 Thread 0x000001e6d5724210 DEOPT PACKING pc=0x000001e6b84165f2 sp=0x00000049844fa5a0
Event: 42.907 Thread 0x000001e6d5724210 DEOPT UNPACKING pc=0x000001e6be487143 sp=0x00000049844f9aa0 mode 0
Event: 42.907 Thread 0x000001e6d5724210 DEOPT PACKING pc=0x000001e6b84165f2 sp=0x00000049844fa5a0
Event: 42.907 Thread 0x000001e6d5724210 DEOPT UNPACKING pc=0x000001e6be487143 sp=0x00000049844f9aa0 mode 0
Event: 42.907 Thread 0x000001e6d5724210 DEOPT PACKING pc=0x000001e6b84165f2 sp=0x00000049844fa5a0
Event: 42.907 Thread 0x000001e6d5724210 DEOPT UNPACKING pc=0x000001e6be487143 sp=0x00000049844f9aa0 mode 0
Event: 42.907 Thread 0x000001e6d5724210 DEOPT PACKING pc=0x000001e6b84165f2 sp=0x00000049844fa5a0
Event: 42.907 Thread 0x000001e6d5724210 DEOPT UNPACKING pc=0x000001e6be487143 sp=0x00000049844f9aa0 mode 0

Classes unloaded (0 events):
No events

Classes redefined (0 events):
No events

Internal exceptions (20 events):
Event: 40.209 Thread 0x000001e6d5724210 Exception <a 'java/lang/NoSuchMethodError'{0x000000008a79c0d0}: static Ljava/lang/Object;.<clinit>()V> (0x000000008a79c0d0) 
thrown [s\src\hotspot\share\prims\jni.cpp, line 1108]
Event: 40.209 Thread 0x000001e6d5724210 Exception <a 'java/lang/NoSuchMethodError'{0x000000008a7b22b8}: static [Lcom/android/ide/common/resources/configuration/ResourceQualifier;.<clinit>()V> (0x000000008a7b22b8) 
thrown [s\src\hotspot\share\prims\jni.cpp, line 1108]
Event: 40.212 Thread 0x000001e6d5724210 Exception <a 'java/lang/NoSuchMethodError'{0x000000008a7e6098}: static Lcom/android/ide/common/resources/configuration/EnumBasedResourceQualifier;.<clinit>()V> (0x000000008a7e6098) 
thrown [s\src\hotspot\share\prims\jni.cpp, line 1108]
Event: 40.213 Thread 0x000001e6d5724210 Exception <a 'java/lang/NoSuchMethodError'{0x000000008a7e9498}: static Lcom/android/ide/common/resources/configuration/EnumBasedResourceQualifier;.<clinit>()V> (0x000000008a7e9498) 
thrown [s\src\hotspot\share\prims\jni.cpp, line 1108]
Event: 40.213 Thread 0x000001e6d5724210 Exception <a 'java/lang/NoSuchMethodError'{0x000000008a7ec0b0}: static Lcom/android/ide/common/resources/configuration/ResourceQualifier;.<clinit>()V> (0x000000008a7ec0b0) 
thrown [s\src\hotspot\share\prims\jni.cpp, line 1108]
Event: 40.214 Thread 0x000001e6d5724210 Exception <a 'java/lang/NoSuchMethodError'{0x000000008a603c28}: static Lcom/android/ide/common/resources/configuration/EnumBasedResourceQualifier;.<clinit>()V> (0x000000008a603c28) 
thrown [s\src\hotspot\share\prims\jni.cpp, line 1108]
Event: 40.216 Thread 0x000001e6d5724210 Exception <a 'java/lang/NoSuchMethodError'{0x000000008a61a5b0}: static Lcom/android/ide/common/resources/configuration/EnumBasedResourceQualifier;.<clinit>()V> (0x000000008a61a5b0) 
thrown [s\src\hotspot\share\prims\jni.cpp, line 1108]
Event: 40.218 Thread 0x000001e6d5724210 Exception <a 'java/lang/NoSuchMethodError'{0x000000008a62e958}: static Lcom/android/ide/common/resources/configuration/ResourceQualifier;.<clinit>()V> (0x000000008a62e958) 
thrown [s\src\hotspot\share\prims\jni.cpp, line 1108]
Event: 40.221 Thread 0x000001e6d5724210 Exception <a 'java/lang/NoSuchMethodError'{0x000000008a64bf68}: static Lcom/android/ide/common/rendering/api/ResourceNamespace$ResAutoNamespace;.<clinit>()V> (0x000000008a64bf68) 
thrown [s\src\hotspot\share\prims\jni.cpp, line 1108]
Event: 40.221 Thread 0x000001e6d5724210 Exception <a 'java/lang/NoSuchMethodError'{0x000000008a64f668}: static Ljava/lang/Object;.<clinit>()V> (0x000000008a64f668) 
thrown [s\src\hotspot\share\prims\jni.cpp, line 1108]
Event: 40.224 Thread 0x000001e6d5724210 Exception <a 'java/lang/NoSuchMethodError'{0x000000008a6711a8}: static Lcom/android/build/gradle/tasks/MergeResources$MergeResourcesVectorDrawableRenderer;.<clinit>()V> (0x000000008a6711a8) 
thrown [s\src\hotspot\share\prims\jni.cpp, line 1108]
Event: 40.224 Thread 0x000001e6d5724210 Exception <a 'java/lang/NoSuchMethodError'{0x000000008a673be8}: static Ljava/lang/Object;.<clinit>()V> (0x000000008a673be8) 
thrown [s\src\hotspot\share\prims\jni.cpp, line 1108]
Event: 40.227 Thread 0x000001e6d5724210 Exception <a 'java/lang/NoSuchMethodError'{0x000000008a686658}: static Lcom/android/build/gradle/internal/LoggerWrapper$LoggerSupplier;.<clinit>()V> (0x000000008a686658) 
thrown [s\src\hotspot\share\prims\jni.cpp, line 1108]
Event: 42.809 Thread 0x000001e6d5724210 Implicit null exception at 0x000001e6beff1e62 to 0x000001e6beff76b4
Event: 42.809 Thread 0x000001e6d5724210 Implicit null exception at 0x000001e6beff1e62 to 0x000001e6beff76b4
Event: 42.886 Thread 0x000001e6d5724210 Implicit null exception at 0x000001e6beff1e62 to 0x000001e6beff76b4
Event: 43.034 Thread 0x000001e6d5724210 Exception <a 'java/lang/NoSuchMethodError'{0x000000008b08e440}: static Lcom/android/ide/common/resources/CompileResourceRequest;.<clinit>()V> (0x000000008b08e440) 
thrown [s\src\hotspot\share\prims\jni.cpp, line 1108]
Event: 43.035 Thread 0x000001e6d5724210 Exception <a 'java/lang/NoSuchMethodError'{0x000000008b0a4eb0}: static Ljava/lang/Object;.<clinit>()V> (0x000000008b0a4eb0) 
thrown [s\src\hotspot\share\prims\jni.cpp, line 1108]
Event: 43.036 Thread 0x000001e6d5724210 Exception <a 'java/lang/NoSuchMethodError'{0x000000008b0b66f0}: static Ljava/lang/Object;.<clinit>()V> (0x000000008b0b66f0) 
thrown [s\src\hotspot\share\prims\jni.cpp, line 1108]
Event: 43.038 Thread 0x000001e6d5724210 Exception <a 'java/lang/NoSuchMethodError'{0x000000008b0c7db8}: static Ljava/lang/Object;.<clinit>()V> (0x000000008b0c7db8) 
thrown [s\src\hotspot\share\prims\jni.cpp, line 1108]

VM Operations (20 events):
Event: 38.683 Executing VM operation: G1Concurrent
Event: 38.683 Executing VM operation: G1Concurrent done
Event: 39.697 Executing VM operation: Cleanup
Event: 39.697 Executing VM operation: Cleanup done
Event: 40.031 Executing VM operation: HandshakeAllThreads
Event: 40.032 Executing VM operation: HandshakeAllThreads done
Event: 40.130 Executing VM operation: HandshakeAllThreads
Event: 40.131 Executing VM operation: HandshakeAllThreads done
Event: 40.250 Executing VM operation: HandshakeAllThreads
Event: 40.251 Executing VM operation: HandshakeAllThreads done
Event: 40.300 Executing VM operation: HandshakeAllThreads
Event: 40.300 Executing VM operation: HandshakeAllThreads done
Event: 40.771 Executing VM operation: G1CollectForAllocation
Event: 40.789 Executing VM operation: G1CollectForAllocation done
Event: 40.954 Executing VM operation: G1CollectForAllocation
Event: 40.965 Executing VM operation: G1CollectForAllocation done
Event: 41.767 Executing VM operation: HandshakeAllThreads
Event: 41.768 Executing VM operation: HandshakeAllThreads done
Event: 42.108 Executing VM operation: ICBufferFull
Event: 42.108 Executing VM operation: ICBufferFull done

Events (20 events):
Event: 40.106 loading class java/util/concurrent/ConcurrentLinkedDeque$Node done
Event: 40.229 Thread 0x000001e6d635c3b0 Thread added: 0x000001e6d635c3b0
Event: 40.303 loading class org/w3c/dom/DOMImplementation
Event: 40.304 loading class org/w3c/dom/DOMImplementation done
Event: 40.305 loading class org/w3c/dom/ls/DOMImplementationLS
Event: 40.305 loading class org/w3c/dom/ls/DOMImplementationLS done
Event: 40.305 loading class org/w3c/dom/ls/LSOutput
Event: 40.305 loading class org/w3c/dom/ls/LSOutput done
Event: 40.306 loading class org/w3c/dom/ls/LSInput
Event: 40.306 loading class org/w3c/dom/ls/LSInput done
Event: 40.306 loading class org/w3c/dom/ls/LSParser
Event: 40.306 loading class org/w3c/dom/ls/LSParser done
Event: 40.306 loading class org/w3c/dom/ls/LSSerializer
Event: 40.306 loading class org/w3c/dom/ls/LSSerializer done
Event: 41.773 Thread 0x000001e6ce42b7d0 flushing nmethod 0x000001e6b72a3a10
Event: 41.776 Thread 0x000001e6ce42b7d0 flushing nmethod 0x000001e6b783c090
Event: 41.776 Thread 0x000001e6ce42b7d0 flushing nmethod 0x000001e6b783c590
Event: 41.776 Thread 0x000001e6ce42b7d0 flushing nmethod 0x000001e6b79b8090
Event: 41.778 Thread 0x000001e6ce42b7d0 flushing nmethod 0x000001e6b7bd3790
Event: 41.780 Thread 0x000001e6ce42b7d0 flushing nmethod 0x000001e6b8077b90


Dynamic libraries:
0x00007ff7e9170000 - 0x00007ff7e917a000 	K:\Programas\Android Studio\jbr\bin\java.exe
0x00007ff930fd0000 - 0x00007ff9311e7000 	C:\WINDOWS\SYSTEM32\ntdll.dll
0x00007ff92f3a0000 - 0x00007ff92f464000 	C:\WINDOWS\System32\KERNEL32.DLL
0x00007ff92e860000 - 0x00007ff92ec05000 	C:\WINDOWS\System32\KERNELBASE.dll
0x00007ff92e3f0000 - 0x00007ff92e501000 	C:\WINDOWS\System32\ucrtbase.dll
0x00007ff9180e0000 - 0x00007ff9180f7000 	K:\Programas\Android Studio\jbr\bin\jli.dll
0x00007ff917700000 - 0x00007ff91771b000 	K:\Programas\Android Studio\jbr\bin\VCRUNTIME140.dll
0x00007ff92f620000 - 0x00007ff92f7ce000 	C:\WINDOWS\System32\USER32.dll
0x00007ff91b740000 - 0x00007ff91b9d3000 	C:\WINDOWS\WinSxS\amd64_microsoft.windows.common-controls_6595b64144ccf1df_6.0.22621.2506_none_270c5ae97388e100\COMCTL32.dll
0x00007ff930d20000 - 0x00007ff930dc7000 	C:\WINDOWS\System32\msvcrt.dll
0x00007ff92f7e0000 - 0x00007ff92f809000 	C:\WINDOWS\System32\GDI32.dll
0x00007ff92e340000 - 0x00007ff92e366000 	C:\WINDOWS\System32\win32u.dll
0x00007ff92e5d0000 - 0x00007ff92e6e9000 	C:\WINDOWS\System32\gdi32full.dll
0x00007ff92ec10000 - 0x00007ff92ecaa000 	C:\WINDOWS\System32\msvcp_win.dll
0x00007ff92fd10000 - 0x00007ff92fd41000 	C:\WINDOWS\System32\IMM32.DLL
0x00007ff9174f0000 - 0x00007ff9174fc000 	K:\Programas\Android Studio\jbr\bin\vcruntime140_1.dll
0x00007ff90b010000 - 0x00007ff90b09d000 	K:\Programas\Android Studio\jbr\bin\msvcp140.dll
0x00007ff8bdf60000 - 0x00007ff8bebce000 	K:\Programas\Android Studio\jbr\bin\server\jvm.dll
0x00007ff930be0000 - 0x00007ff930c91000 	C:\WINDOWS\System32\ADVAPI32.dll
0x00007ff92f470000 - 0x00007ff92f516000 	C:\WINDOWS\System32\sechost.dll
0x00007ff92fda0000 - 0x00007ff92feb7000 	C:\WINDOWS\System32\RPCRT4.dll
0x00007ff91fa10000 - 0x00007ff91fa19000 	C:\WINDOWS\SYSTEM32\WSOCK32.dll
0x00007ff928f50000 - 0x00007ff928f84000 	C:\WINDOWS\SYSTEM32\WINMM.dll
0x00007ff92fee0000 - 0x00007ff92ff51000 	C:\WINDOWS\System32\WS2_32.dll
0x00007ff924320000 - 0x00007ff92432a000 	C:\WINDOWS\SYSTEM32\VERSION.dll
0x00007ff92d340000 - 0x00007ff92d358000 	C:\WINDOWS\SYSTEM32\kernel.appcore.dll
0x00007ff91ba30000 - 0x00007ff91ba3a000 	K:\Programas\Android Studio\jbr\bin\jimage.dll
0x00007ff92bd10000 - 0x00007ff92bf43000 	C:\WINDOWS\SYSTEM32\DBGHELP.DLL
0x00007ff92f8a0000 - 0x00007ff92fc29000 	C:\WINDOWS\System32\combase.dll
0x00007ff92fc30000 - 0x00007ff92fd07000 	C:\WINDOWS\System32\OLEAUT32.dll
0x00007ff9253e0000 - 0x00007ff925412000 	C:\WINDOWS\SYSTEM32\dbgcore.DLL
0x00007ff92e370000 - 0x00007ff92e3ea000 	C:\WINDOWS\System32\bcryptPrimitives.dll
0x00007ff91b0a0000 - 0x00007ff91b0c5000 	K:\Programas\Android Studio\jbr\bin\java.dll
0x00007ff91a660000 - 0x00007ff91a678000 	K:\Programas\Android Studio\jbr\bin\zip.dll
0x00007ff9300d0000 - 0x00007ff930929000 	C:\WINDOWS\System32\SHELL32.dll
0x00007ff92c260000 - 0x00007ff92cb54000 	C:\WINDOWS\SYSTEM32\windows.storage.dll
0x00007ff92c120000 - 0x00007ff92c25e000 	C:\WINDOWS\SYSTEM32\wintypes.dll
0x00007ff92f520000 - 0x00007ff92f613000 	C:\WINDOWS\System32\SHCORE.dll
0x00007ff92eec0000 - 0x00007ff92ef1e000 	C:\WINDOWS\System32\shlwapi.dll
0x00007ff92e270000 - 0x00007ff92e296000 	C:\WINDOWS\SYSTEM32\profapi.dll
0x00007ff91a610000 - 0x00007ff91a629000 	K:\Programas\Android Studio\jbr\bin\net.dll
0x00007ff9265f0000 - 0x00007ff926727000 	C:\WINDOWS\SYSTEM32\WINHTTP.dll
0x00007ff92d7c0000 - 0x00007ff92d829000 	C:\WINDOWS\system32\mswsock.dll
0x00007ff91a2c0000 - 0x00007ff91a2d6000 	K:\Programas\Android Studio\jbr\bin\nio.dll
0x00007ff91b090000 - 0x00007ff91b0a0000 	K:\Programas\Android Studio\jbr\bin\verify.dll
0x00007ff912cd0000 - 0x00007ff912cf7000 	C:\Users\DBENI\.gradle\native\68d5fa5c4cc2d200863cafc0d521ce42e7d3e7ee720ec0a83991735586a16f82\windows-amd64\native-platform.dll
0x00007ff8da050000 - 0x00007ff8da194000 	C:\Users\DBENI\.gradle\native\e376f236ea51e6404a007f0833ffe2c6e607c4080706a723a18a27aeea778392\windows-amd64\native-platform-file-events.dll
0x00007ff91aef0000 - 0x00007ff91aef9000 	K:\Programas\Android Studio\jbr\bin\management.dll
0x00007ff91a650000 - 0x00007ff91a65b000 	K:\Programas\Android Studio\jbr\bin\management_ext.dll
0x00007ff92f7d0000 - 0x00007ff92f7d8000 	C:\WINDOWS\System32\PSAPI.DLL
0x00007ff92da20000 - 0x00007ff92da3b000 	C:\WINDOWS\SYSTEM32\CRYPTSP.dll
0x00007ff92d2a0000 - 0x00007ff92d2d5000 	C:\WINDOWS\system32\rsaenh.dll
0x00007ff92d8b0000 - 0x00007ff92d8dc000 	C:\WINDOWS\SYSTEM32\USERENV.dll
0x00007ff92dbe0000 - 0x00007ff92dc08000 	C:\WINDOWS\SYSTEM32\bcrypt.dll
0x00007ff92da10000 - 0x00007ff92da1c000 	C:\WINDOWS\SYSTEM32\CRYPTBASE.dll
0x00007ff92cdc0000 - 0x00007ff92cded000 	C:\WINDOWS\SYSTEM32\IPHLPAPI.DLL
0x00007ff930930000 - 0x00007ff930939000 	C:\WINDOWS\System32\NSI.dll
0x00007ff926390000 - 0x00007ff9263a9000 	C:\WINDOWS\SYSTEM32\dhcpcsvc6.DLL
0x00007ff926140000 - 0x00007ff92615f000 	C:\WINDOWS\SYSTEM32\dhcpcsvc.DLL
0x00007ff92ce30000 - 0x00007ff92cf29000 	C:\WINDOWS\SYSTEM32\DNSAPI.dll
0x00007ff91a600000 - 0x00007ff91a608000 	C:\WINDOWS\system32\wshunix.dll
0x00007ff91c9d0000 - 0x00007ff91c9e7000 	C:\WINDOWS\system32\napinsp.dll
0x00007ff91c9b0000 - 0x00007ff91c9cb000 	C:\WINDOWS\system32\pnrpnsp.dll
0x00007ff91c990000 - 0x00007ff91c9a1000 	C:\WINDOWS\System32\winrnr.dll
0x00007ff928400000 - 0x00007ff928415000 	C:\WINDOWS\system32\wshbth.dll
0x00007ff91c960000 - 0x00007ff91c981000 	C:\WINDOWS\system32\nlansp_c.dll
0x00007ff92a060000 - 0x00007ff92a06a000 	C:\Windows\System32\rasadhlp.dll
0x00007ff925ab0000 - 0x00007ff925b33000 	C:\WINDOWS\System32\fwpuclnt.dll

dbghelp: loaded successfully - version: 4.0.5 - missing functions: none
symbol engine: initialized successfully - sym options: 0x614 - pdb path: .;K:\Programas\Android Studio\jbr\bin;C:\WINDOWS\SYSTEM32;C:\WINDOWS\WinSxS\amd64_microsoft.windows.common-controls_6595b64144ccf1df_6.0.22621.2506_none_270c5ae97388e100;K:\Programas\Android Studio\jbr\bin\server;C:\Users\DBENI\.gradle\native\68d5fa5c4cc2d200863cafc0d521ce42e7d3e7ee720ec0a83991735586a16f82\windows-amd64;C:\Users\DBENI\.gradle\native\e376f236ea51e6404a007f0833ffe2c6e607c4080706a723a18a27aeea778392\windows-amd64

VM Arguments:
jvm_args: --add-opens=java.base/java.util=ALL-UNNAMED --add-opens=java.base/java.lang=ALL-UNNAMED --add-opens=java.base/java.lang.invoke=ALL-UNNAMED --add-opens=java.prefs/java.util.prefs=ALL-UNNAMED --add-opens=java.base/java.nio.charset=ALL-UNNAMED --add-opens=java.base/java.net=ALL-UNNAMED --add-opens=java.base/java.util.concurrent.atomic=ALL-UNNAMED -Xmx2048m -Dfile.encoding=UTF-8 -Duser.country=ES -Duser.language=es -Duser.variant 
java_command: org.gradle.launcher.daemon.bootstrap.GradleDaemon 8.0
java_class_path (initial): C:\Users\DBENI\.gradle\wrapper\dists\gradle-8.0-bin\ca5e32bp14vu59qr306oxotwh\gradle-8.0\lib\gradle-launcher-8.0.jar
Launcher Type: SUN_STANDARD

[Global flags]
     intx CICompilerCount                          = 4                                         {product} {ergonomic}
     uint ConcGCThreads                            = 2                                         {product} {ergonomic}
     uint G1ConcRefinementThreads                  = 8                                         {product} {ergonomic}
   size_t G1HeapRegionSize                         = 1048576                                   {product} {ergonomic}
    uintx GCDrainStackTargetSize                   = 64                                        {product} {ergonomic}
   size_t InitialHeapSize                          = 98566144                                  {product} {ergonomic}
   size_t MarkStackSize                            = 4194304                                   {product} {ergonomic}
   size_t MaxHeapSize                              = 2147483648                                {product} {command line}
   size_t MaxNewSize                               = 1287651328                                {product} {ergonomic}
   size_t MinHeapDeltaBytes                        = 1048576                                   {product} {ergonomic}
   size_t MinHeapSize                              = 8388608                                   {product} {ergonomic}
    uintx NonNMethodCodeHeapSize                   = 5839372                                {pd product} {ergonomic}
    uintx NonProfiledCodeHeapSize                  = 122909434                              {pd product} {ergonomic}
    uintx ProfiledCodeHeapSize                     = 122909434                              {pd product} {ergonomic}
    uintx ReservedCodeCacheSize                    = 251658240                              {pd product} {ergonomic}
     bool SegmentedCodeCache                       = true                                      {product} {ergonomic}
   size_t SoftMaxHeapSize                          = 2147483648                             {manageable} {ergonomic}
     bool UseCompressedClassPointers               = true                           {product lp64_product} {ergonomic}
     bool UseCompressedOops                        = true                           {product lp64_product} {ergonomic}
     bool UseG1GC                                  = true                                      {product} {ergonomic}
     bool UseLargePagesIndividualAllocation        = false                                  {pd product} {ergonomic}

Logging:
Log output configuration:
 #0: stdout all=warning uptime,level,tags
 #1: stderr all=off uptime,level,tags

Environment Variables:
PATH=C:\Program Files\Common Files\Oracle\Java\javapath;C:\Program Files (x86)\Common Files\Oracle\Java\javapath;C:\oraclexe\app\oracle\product\11.2.0\server\bin;C:\WINDOWS\system32;C:\WINDOWS;C:\WINDOWS\System32\Wbem;C:\WINDOWS\System32\WindowsPowerShell\v1.0\;C:\WINDOWS\System32\OpenSSH\;C:\Program Files\Git\cmd;K:\Programas\BaseX\bin;C:\Program Files\Microsoft SQL Server\150\Tools\Binn\;C:\Program Files\Microsoft SQL Server\Client SDK\ODBC\170\Tools\Binn\;C:\Program Files\dotnet\;C:\Program Files\MySQL\MySQL Shell 8.0\bin\;C:\Users\DBENI\AppData\Local\Microsoft\WindowsApps;C:\Dam 2022\openjdk-18.0.2.1_windows-x64_bin\jdk-18.0.2.1\bin;C:\Dam 2022\Microsoft VS Code\bin;C:\Users\DBENI\.dotnet\tools;K:\sqlite;
USERNAME=DBENI
OS=Windows_NT
PROCESSOR_IDENTIFIER=AMD64 Family 23 Model 104 Stepping 1, AuthenticAMD
TMP=C:\Users\DBENI\AppData\Local\Temp
TEMP=C:\Users\DBENI\AppData\Local\Temp


JNI global refs:
JNI global refs: 26, weak refs: 2

JNI global refs memory usage: 843, weak refs: 841


---------------  S Y S T E M  ---------------

OS:
 Windows 11 , 64 bit Build 22621 (10.0.22621.2506)
OS uptime: 20 days 19:16 hours

CPU: total 8 (initial active 8) (8 cores per cpu, 2 threads per core) family 23 model 104 stepping 1 microcode 0x0, cx8, cmov, fxsr, ht, mmx, 3dnowpref, sse, sse2, sse3, ssse3, sse4a, sse4.1, sse4.2, popcnt, lzcnt, tsc, tscinvbit, avx, avx2, aes, clmul, bmi1, bmi2, adx, sha, fma, vzeroupper, clflush, clflushopt

Memory: 4k page, system-wide physical 6005M (45M free)
TotalPageFile size 24437M (AvailPageFile size 8M)
current process WorkingSet (physical memory assigned to process): 326M, peak: 326M
current process commit charge ("private bytes"): 513M, peak: 513M

vm_info: OpenJDK 64-Bit Server VM (17.0.6+0-b2043.56-10027231) for windows-amd64 JRE (17.0.6+0-b2043.56-10027231), built on Apr 28 2023 00:43:19 by "androidbuild" with MS VC++ 16.10 / 16.11 (VS2019)

END.
