#
# There is insufficient memory for the Java Runtime Environment to continue.
# Native memory allocation (malloc) failed to allocate 1282736 bytes for Chunk::new
# Possible reasons:
#   The system is out of physical RAM or swap space
#   The process is running with CompressedOops enabled, and the Java Heap may be blocking the growth of the native heap
# Possible solutions:
#   Reduce memory load on the system
#   Increase physical memory or swap space
#   Check if swap backing store is full
#   Decrease Java heap size (-Xmx/-Xms)
#   Decrease number of Java threads
#   Decrease Java thread stack sizes (-Xss)
#   Set larger code cache with -XX:ReservedCodeCacheSize=
#   JVM is running with Unscaled Compressed Oops mode in which the Java heap is
#     placed in the first 4GB address space. The Java Heap base address is the
#     maximum limit for the native heap growth. Please use -XX:HeapBaseMinAddress
#     to set the Java Heap base and to place the Java Heap above 4GB virtual address.
# This output file may be truncated or incomplete.
#
#  Out of Memory Error (arena.cpp:189), pid=39472, tid=1740
#
# JRE version: OpenJDK Runtime Environment (17.0.6) (build 17.0.6+0-b2043.56-10027231)
# Java VM: OpenJDK 64-Bit Server VM (17.0.6+0-b2043.56-10027231, mixed mode, tiered, compressed oops, compressed class ptrs, g1 gc, windows-amd64)
# No core dump will be written. Minidumps are not enabled by default on client versions of Windows
#

---------------  S U M M A R Y ------------

Command Line: --add-opens=java.base/java.util=ALL-UNNAMED --add-opens=java.base/java.lang=ALL-UNNAMED --add-opens=java.base/java.lang.invoke=ALL-UNNAMED --add-opens=java.prefs/java.util.prefs=ALL-UNNAMED --add-opens=java.base/java.nio.charset=ALL-UNNAMED --add-opens=java.base/java.net=ALL-UNNAMED --add-opens=java.base/java.util.concurrent.atomic=ALL-UNNAMED -Xmx2048m -Dfile.encoding=UTF-8 -Duser.country=ES -Duser.language=es -Duser.variant org.gradle.launcher.daemon.bootstrap.GradleDaemon 8.0

Host: AMD Ryzen 3 5300U with Radeon Graphics         , 8 cores, 5G,  Windows 11 , 64 bit Build 22621 (10.0.22621.2506)
Time: Wed Dec 13 09:31:23 2023 Hora estándar romance elapsed time: 14.034869 seconds (0d 0h 0m 14s)

---------------  T H R E A D  ---------------

Current thread (0x000002152494ecd0):  JavaThread "C2 CompilerThread0" daemon [_thread_in_native, id=1740, stack(0x00000015e7500000,0x00000015e7600000)]


Current CompileTask:
C2:  14034 3661       4       java.util.AbstractCollection::addAll (42 bytes)

Stack: [0x00000015e7500000,0x00000015e7600000]
Native frames: (J=compiled Java code, j=interpreted, Vv=VM code, C=native code)
V  [jvm.dll+0x683c9a]
V  [jvm.dll+0x8427a4]
V  [jvm.dll+0x843f9e]
V  [jvm.dll+0x844603]
V  [jvm.dll+0x249b75]
V  [jvm.dll+0xabcac]
V  [jvm.dll+0xac27c]
V  [jvm.dll+0x368802]
V  [jvm.dll+0x332f31]
V  [jvm.dll+0x3323da]
V  [jvm.dll+0x21c201]
V  [jvm.dll+0x21b621]
V  [jvm.dll+0x1a4fdd]
V  [jvm.dll+0x22b098]
V  [jvm.dll+0x229159]
V  [jvm.dll+0x7f81ec]
V  [jvm.dll+0x7f274a]
V  [jvm.dll+0x682ad5]
C  [ucrtbase.dll+0x29363]
C  [KERNEL32.DLL+0x1257d]
C  [ntdll.dll+0x5aa58]


---------------  P R O C E S S  ---------------

Threads class SMR info:
_java_thread_list=0x0000021524ae5d80, length=35, elements={
0x000002150a129c00, 0x0000021523f7a050, 0x0000021523f7aec0, 0x000002152494c020,
0x000002152494c9e0, 0x000002152494d590, 0x000002152494df40, 0x000002152494ecd0,
0x000002152494f770, 0x0000021524953180, 0x0000021524ae8670, 0x0000021524afb310,
0x0000021525bd2d80, 0x000002152648b080, 0x00000215270f4ee0, 0x000002152499b430,
0x0000021524ce8030, 0x0000021525e1a9d0, 0x0000021525970e20, 0x0000021525f14e20,
0x0000021525f152f0, 0x0000021525f13fb0, 0x0000021525f14480, 0x0000021525f13140,
0x0000021525f14950, 0x0000021525f13610, 0x0000021525f11930, 0x0000021525f11e00,
0x0000021525f122d0, 0x0000021525f127a0, 0x0000021525f12c70, 0x0000021525616190,
0x00000215256174d0, 0x000002152561a9c0, 0x0000021525618340
}

Java Threads: ( => current thread )
  0x000002150a129c00 JavaThread "main" [_thread_blocked, id=49700, stack(0x00000015e6800000,0x00000015e6900000)]
  0x0000021523f7a050 JavaThread "Reference Handler" daemon [_thread_blocked, id=43692, stack(0x00000015e6f00000,0x00000015e7000000)]
  0x0000021523f7aec0 JavaThread "Finalizer" daemon [_thread_blocked, id=21224, stack(0x00000015e7000000,0x00000015e7100000)]
  0x000002152494c020 JavaThread "Signal Dispatcher" daemon [_thread_blocked, id=24248, stack(0x00000015e7100000,0x00000015e7200000)]
  0x000002152494c9e0 JavaThread "Attach Listener" daemon [_thread_blocked, id=38572, stack(0x00000015e7200000,0x00000015e7300000)]
  0x000002152494d590 JavaThread "Service Thread" daemon [_thread_blocked, id=20368, stack(0x00000015e7300000,0x00000015e7400000)]
  0x000002152494df40 JavaThread "Monitor Deflation Thread" daemon [_thread_blocked, id=23492, stack(0x00000015e7400000,0x00000015e7500000)]
=>0x000002152494ecd0 JavaThread "C2 CompilerThread0" daemon [_thread_in_native, id=1740, stack(0x00000015e7500000,0x00000015e7600000)]
  0x000002152494f770 JavaThread "C1 CompilerThread0" daemon [_thread_in_vm, id=17196, stack(0x00000015e7600000,0x00000015e7700000)]
  0x0000021524953180 JavaThread "Sweeper thread" daemon [_thread_blocked, id=64156, stack(0x00000015e7700000,0x00000015e7800000)]
  0x0000021524ae8670 JavaThread "Common-Cleaner" daemon [_thread_blocked, id=51272, stack(0x00000015e7800000,0x00000015e7900000)]
  0x0000021524afb310 JavaThread "Notification Thread" daemon [_thread_blocked, id=66056, stack(0x00000015e7900000,0x00000015e7a00000)]
  0x0000021525bd2d80 JavaThread "Daemon health stats" [_thread_blocked, id=58732, stack(0x00000015e7f00000,0x00000015e8000000)]
  0x000002152648b080 JavaThread "Incoming local TCP Connector on port 50049" [_thread_in_native, id=46340, stack(0x00000015e8000000,0x00000015e8100000)]
  0x00000215270f4ee0 JavaThread "Daemon periodic checks" [_thread_blocked, id=50472, stack(0x00000015e8100000,0x00000015e8200000)]
  0x000002152499b430 JavaThread "Daemon" [_thread_blocked, id=46712, stack(0x00000015e8200000,0x00000015e8300000)]
  0x0000021524ce8030 JavaThread "Handler for socket connection from /127.0.0.1:50049 to /127.0.0.1:50051" [_thread_in_native, id=50360, stack(0x00000015e8300000,0x00000015e8400000)]
  0x0000021525e1a9d0 JavaThread "Cancel handler" [_thread_blocked, id=8900, stack(0x00000015e8400000,0x00000015e8500000)]
  0x0000021525970e20 JavaThread "Daemon worker" [_thread_in_Java, id=45092, stack(0x00000015e8500000,0x00000015e8600000)]
  0x0000021525f14e20 JavaThread "Asynchronous log dispatcher for DefaultDaemonConnection: socket connection from /127.0.0.1:50049 to /127.0.0.1:50051" [_thread_in_native, id=55844, stack(0x00000015e8600000,0x00000015e8700000)]
  0x0000021525f152f0 JavaThread "Stdin handler" [_thread_blocked, id=51076, stack(0x00000015e8700000,0x00000015e8800000)]
  0x0000021525f13fb0 JavaThread "Daemon client event forwarder" [_thread_blocked, id=19724, stack(0x00000015e8800000,0x00000015e8900000)]
  0x0000021525f14480 JavaThread "Cache worker for journal cache (C:\Users\DBENI\.gradle\caches\journal-1)" [_thread_blocked, id=49568, stack(0x00000015e8d00000,0x00000015e8e00000)]
  0x0000021525f13140 JavaThread "File lock request listener" [_thread_in_native, id=65188, stack(0x00000015e8e00000,0x00000015e8f00000)]
  0x0000021525f14950 JavaThread "Cache worker for file hash cache (C:\Users\DBENI\.gradle\caches\8.0\fileHashes)" [_thread_blocked, id=13084, stack(0x00000015e8f00000,0x00000015e9000000)]
  0x0000021525f13610 JavaThread "File watcher server" daemon [_thread_in_native, id=52620, stack(0x00000015e9000000,0x00000015e9100000)]
  0x0000021525f11930 JavaThread "File watcher consumer" daemon [_thread_blocked, id=36756, stack(0x00000015e9100000,0x00000015e9200000)]
  0x0000021525f11e00 JavaThread "Cache worker for checksums cache (C:\Users\DBENI\AndroidStudioProjects\EjemploNavegacion\.gradle\8.0\checksums)" [_thread_blocked, id=66400, stack(0x00000015e9200000,0x00000015e9300000)]
  0x0000021525f122d0 JavaThread "Cache worker for cache directory md-rule (C:\Users\DBENI\.gradle\caches\8.0\md-rule)" [_thread_blocked, id=54008, stack(0x00000015e9300000,0x00000015e9400000)]
  0x0000021525f127a0 JavaThread "Cache worker for file content cache (C:\Users\DBENI\.gradle\caches\8.0\fileContent)" [_thread_blocked, id=10380, stack(0x00000015e9400000,0x00000015e9500000)]
  0x0000021525f12c70 JavaThread "Cache worker for file hash cache (C:\Users\DBENI\AndroidStudioProjects\EjemploNavegacion\.gradle\8.0\fileHashes)" [_thread_blocked, id=54948, stack(0x00000015e9500000,0x00000015e9600000)]
  0x0000021525616190 JavaThread "Cache worker for cache directory md-supplier (C:\Users\DBENI\.gradle\caches\8.0\md-supplier)" [_thread_blocked, id=26896, stack(0x00000015e9600000,0x00000015e9700000)]
  0x00000215256174d0 JavaThread "Cache worker for execution history cache (C:\Users\DBENI\.gradle\caches\8.0\executionHistory)" [_thread_blocked, id=57828, stack(0x00000015e9700000,0x00000015e9800000)]
  0x000002152561a9c0 JavaThread "jar transforms" [_thread_blocked, id=37816, stack(0x00000015e9900000,0x00000015e9a00000)]
  0x0000021525618340 JavaThread "jar transforms Thread 2" [_thread_blocked, id=42180, stack(0x00000015e9a00000,0x00000015e9b00000)]

Other Threads:
  0x0000021523f75020 VMThread "VM Thread" [stack: 0x00000015e6e00000,0x00000015e6f00000] [id=38168]
  0x000002150a1a63e0 WatcherThread [stack: 0x00000015e7a00000,0x00000015e7b00000] [id=63484]
  0x000002150a184cc0 GCTaskThread "GC Thread#0" [stack: 0x00000015e6900000,0x00000015e6a00000] [id=34528]
  0x0000021525446310 GCTaskThread "GC Thread#1" [stack: 0x00000015e7b00000,0x00000015e7c00000] [id=16984]
  0x0000021525978de0 GCTaskThread "GC Thread#2" [stack: 0x00000015e7c00000,0x00000015e7d00000] [id=65532]
  0x0000021525651c80 GCTaskThread "GC Thread#3" [stack: 0x00000015e7d00000,0x00000015e7e00000] [id=56488]
  0x00000215260585e0 GCTaskThread "GC Thread#4" [stack: 0x00000015e7e00000,0x00000015e7f00000] [id=29988]
  0x0000021526473d70 GCTaskThread "GC Thread#5" [stack: 0x00000015e8900000,0x00000015e8a00000] [id=60752]
  0x0000021524c18c30 GCTaskThread "GC Thread#6" [stack: 0x00000015e8a00000,0x00000015e8b00000] [id=61984]
  0x00000215256912f0 GCTaskThread "GC Thread#7" [stack: 0x00000015e8b00000,0x00000015e8c00000] [id=16288]
  0x000002150a196c10 ConcurrentGCThread "G1 Main Marker" [stack: 0x00000015e6a00000,0x00000015e6b00000] [id=35480]
  0x000002150a197620 ConcurrentGCThread "G1 Conc#0" [stack: 0x00000015e6b00000,0x00000015e6c00000] [id=9068]
  0x00000215257c4010 ConcurrentGCThread "G1 Conc#1" [stack: 0x00000015e8c00000,0x00000015e8d00000] [id=50300]
  0x0000021523dd04a0 ConcurrentGCThread "G1 Refine#0" [stack: 0x00000015e6c00000,0x00000015e6d00000] [id=20112]
  0x0000021523dd0ec0 ConcurrentGCThread "G1 Service" [stack: 0x00000015e6d00000,0x00000015e6e00000] [id=46920]

Threads with active compile tasks:
C2 CompilerThread0    14088 3661       4       java.util.AbstractCollection::addAll (42 bytes)
C1 CompilerThread0    14088 3753       3       org.gradle.internal.time.MonotonicClock::syncIsDue (28 bytes)

VM state: not at safepoint (normal execution)

VM Mutex/Monitor currently owned by a thread: None

OutOfMemory and StackOverflow Exception counts:
OutOfMemoryError java_heap_errors=1
LinkageErrors=70

Heap address: 0x0000000080000000, size: 2048 MB, Compressed Oops mode: 32-bit

CDS archive(s) not mapped
Compressed class space mapped at: 0x0000000100000000-0x0000000140000000, reserved size: 1073741824
Narrow klass base: 0x0000000000000000, Narrow klass shift: 3, Narrow klass range: 0x140000000

GC Precious Log:
 CPUs: 8 total, 8 available
 Memory: 6005M
 Large Page Support: Disabled
 NUMA Support: Disabled
 Compressed Oops: Enabled (32-bit)
 Heap Region Size: 1M
 Heap Min Capacity: 8M
 Heap Initial Capacity: 94M
 Heap Max Capacity: 2G
 Pre-touch: Disabled
 Parallel Workers: 8
 Concurrent Workers: 2
 Concurrent Refinement Workers: 8
 Periodic GC: Disabled

Heap:
 garbage-first heap   total 68608K, used 45319K [0x0000000080000000, 0x0000000100000000)
  region size 1024K, 19 young (19456K), 4 survivors (4096K)
 Metaspace       used 41412K, committed 41728K, reserved 1089536K
  class space    used 5478K, committed 5568K, reserved 1048576K

Heap Regions: E=young(eden), S=young(survivor), O=old, HS=humongous(starts), HC=humongous(continues), CS=collection set, F=free, OA=open archive, CA=closed archive, TAMS=top-at-mark-start (previous, next)
|   0|0x0000000080000000, 0x0000000080100000, 0x0000000080100000|100%|HS|  |TAMS 0x0000000080100000, 0x0000000080000000| Complete 
|   1|0x0000000080100000, 0x0000000080200000, 0x0000000080200000|100%|HC|  |TAMS 0x0000000080200000, 0x0000000080100000| Complete 
|   2|0x0000000080200000, 0x0000000080300000, 0x0000000080300000|100%|HC|  |TAMS 0x0000000080300000, 0x0000000080200000| Complete 
|   3|0x0000000080300000, 0x0000000080400000, 0x0000000080400000|100%|HC|  |TAMS 0x0000000080400000, 0x0000000080300000| Complete 
|   4|0x0000000080400000, 0x0000000080500000, 0x0000000080500000|100%| O|  |TAMS 0x0000000080500000, 0x0000000080400000| Untracked 
|   5|0x0000000080500000, 0x0000000080600000, 0x0000000080600000|100%| O|  |TAMS 0x0000000080600000, 0x0000000080500000| Untracked 
|   6|0x0000000080600000, 0x0000000080700000, 0x0000000080700000|100%| O|  |TAMS 0x0000000080700000, 0x0000000080600000| Untracked 
|   7|0x0000000080700000, 0x0000000080800000, 0x0000000080800000|100%| O|  |TAMS 0x0000000080800000, 0x0000000080700000| Untracked 
|   8|0x0000000080800000, 0x0000000080900000, 0x0000000080900000|100%| O|  |TAMS 0x0000000080900000, 0x0000000080800000| Untracked 
|   9|0x0000000080900000, 0x0000000080a00000, 0x0000000080a00000|100%| O|  |TAMS 0x0000000080a00000, 0x0000000080900000| Untracked 
|  10|0x0000000080a00000, 0x0000000080b00000, 0x0000000080b00000|100%| O|  |TAMS 0x0000000080a00000, 0x0000000080a00000| Untracked 
|  11|0x0000000080b00000, 0x0000000080c00000, 0x0000000080c00000|100%| O|  |TAMS 0x0000000080c00000, 0x0000000080b00000| Untracked 
|  12|0x0000000080c00000, 0x0000000080d00000, 0x0000000080d00000|100%| O|  |TAMS 0x0000000080d00000, 0x0000000080c00000| Untracked 
|  13|0x0000000080d00000, 0x0000000080dfe600, 0x0000000080e00000| 99%| O|  |TAMS 0x0000000080dfe600, 0x0000000080d00000| Untracked 
|  14|0x0000000080e00000, 0x0000000080f00000, 0x0000000080f00000|100%| O|  |TAMS 0x0000000080f00000, 0x0000000080e00000| Untracked 
|  15|0x0000000080f00000, 0x0000000081000000, 0x0000000081000000|100%| O|  |TAMS 0x0000000081000000, 0x0000000080f00000| Untracked 
|  16|0x0000000081000000, 0x0000000081100000, 0x0000000081100000|100%| O|  |TAMS 0x0000000081100000, 0x0000000081000000| Untracked 
|  17|0x0000000081100000, 0x0000000081200000, 0x0000000081200000|100%| O|  |TAMS 0x0000000081200000, 0x0000000081100000| Untracked 
|  18|0x0000000081200000, 0x0000000081300000, 0x0000000081300000|100%| O|  |TAMS 0x0000000081300000, 0x0000000081200000| Untracked 
|  19|0x0000000081300000, 0x0000000081400000, 0x0000000081400000|100%| O|  |TAMS 0x0000000081400000, 0x0000000081300000| Untracked 
|  20|0x0000000081400000, 0x0000000081500000, 0x0000000081500000|100%| O|  |TAMS 0x0000000081500000, 0x0000000081400000| Untracked 
|  21|0x0000000081500000, 0x0000000081600000, 0x0000000081600000|100%| O|  |TAMS 0x0000000081512400, 0x0000000081500000| Untracked 
|  22|0x0000000081600000, 0x0000000081700000, 0x0000000081700000|100%| O|  |TAMS 0x0000000081600000, 0x0000000081600000| Untracked 
|  23|0x0000000081700000, 0x0000000081775e00, 0x0000000081800000| 46%| O|  |TAMS 0x0000000081700000, 0x0000000081700000| Untracked 
|  24|0x0000000081800000, 0x0000000081900000, 0x0000000081900000|100%|HS|  |TAMS 0x0000000081800000, 0x0000000081800000| Complete 
|  25|0x0000000081900000, 0x0000000081a00000, 0x0000000081a00000|100%|HS|  |TAMS 0x0000000081900000, 0x0000000081900000| Complete 
|  26|0x0000000081a00000, 0x0000000081b00000, 0x0000000081b00000|100%|HC|  |TAMS 0x0000000081a00000, 0x0000000081a00000| Complete 
|  27|0x0000000081b00000, 0x0000000081b00000, 0x0000000081c00000|  0%| F|  |TAMS 0x0000000081b00000, 0x0000000081b00000| Untracked 
|  28|0x0000000081c00000, 0x0000000081c00000, 0x0000000081d00000|  0%| F|  |TAMS 0x0000000081c00000, 0x0000000081c00000| Untracked 
|  29|0x0000000081d00000, 0x0000000081d00000, 0x0000000081e00000|  0%| F|  |TAMS 0x0000000081d00000, 0x0000000081d00000| Untracked 
|  30|0x0000000081e00000, 0x0000000081e00000, 0x0000000081f00000|  0%| F|  |TAMS 0x0000000081e00000, 0x0000000081e00000| Untracked 
|  31|0x0000000081f00000, 0x0000000081f00000, 0x0000000082000000|  0%| F|  |TAMS 0x0000000081f00000, 0x0000000081f00000| Untracked 
|  32|0x0000000082000000, 0x0000000082000000, 0x0000000082100000|  0%| F|  |TAMS 0x0000000082000000, 0x0000000082000000| Untracked 
|  33|0x0000000082100000, 0x0000000082100000, 0x0000000082200000|  0%| F|  |TAMS 0x0000000082100000, 0x0000000082100000| Untracked 
|  34|0x0000000082200000, 0x00000000822cd9d8, 0x0000000082300000| 80%| S|CS|TAMS 0x0000000082200000, 0x0000000082200000| Complete 
|  35|0x0000000082300000, 0x0000000082300000, 0x0000000082400000|  0%| F|  |TAMS 0x0000000082300000, 0x0000000082300000| Untracked 
|  36|0x0000000082400000, 0x0000000082400000, 0x0000000082500000|  0%| F|  |TAMS 0x0000000082400000, 0x0000000082400000| Untracked 
|  37|0x0000000082500000, 0x0000000082500000, 0x0000000082600000|  0%| F|  |TAMS 0x0000000082500000, 0x0000000082500000| Untracked 
|  38|0x0000000082600000, 0x0000000082600000, 0x0000000082700000|  0%| F|  |TAMS 0x0000000082600000, 0x0000000082600000| Untracked 
|  39|0x0000000082700000, 0x0000000082800000, 0x0000000082800000|100%| S|CS|TAMS 0x0000000082700000, 0x0000000082700000| Complete 
|  40|0x0000000082800000, 0x0000000082900000, 0x0000000082900000|100%| S|CS|TAMS 0x0000000082800000, 0x0000000082800000| Complete 
|  41|0x0000000082900000, 0x0000000082a00000, 0x0000000082a00000|100%| S|CS|TAMS 0x0000000082900000, 0x0000000082900000| Complete 
|  42|0x0000000082a00000, 0x0000000082a00000, 0x0000000082b00000|  0%| F|  |TAMS 0x0000000082a00000, 0x0000000082a00000| Untracked 
|  43|0x0000000082b00000, 0x0000000082b00000, 0x0000000082c00000|  0%| F|  |TAMS 0x0000000082b00000, 0x0000000082b00000| Untracked 
|  44|0x0000000082c00000, 0x0000000082c00000, 0x0000000082d00000|  0%| F|  |TAMS 0x0000000082c00000, 0x0000000082c00000| Untracked 
|  45|0x0000000082d00000, 0x0000000082d00000, 0x0000000082e00000|  0%| F|  |TAMS 0x0000000082d00000, 0x0000000082d00000| Untracked 
|  46|0x0000000082e00000, 0x0000000082e00000, 0x0000000082f00000|  0%| F|  |TAMS 0x0000000082e00000, 0x0000000082e00000| Untracked 
|  47|0x0000000082f00000, 0x0000000082f00000, 0x0000000083000000|  0%| F|  |TAMS 0x0000000082f00000, 0x0000000082f00000| Untracked 
|  48|0x0000000083000000, 0x0000000083000000, 0x0000000083100000|  0%| F|  |TAMS 0x0000000083000000, 0x0000000083000000| Untracked 
|  49|0x0000000083100000, 0x0000000083100000, 0x0000000083200000|  0%| F|  |TAMS 0x0000000083100000, 0x0000000083100000| Untracked 
|  50|0x0000000083200000, 0x0000000083200000, 0x0000000083300000|  0%| F|  |TAMS 0x0000000083200000, 0x0000000083200000| Untracked 
|  51|0x0000000083300000, 0x0000000083300000, 0x0000000083400000|  0%| F|  |TAMS 0x0000000083300000, 0x0000000083300000| Untracked 
|  52|0x0000000083400000, 0x0000000083500000, 0x0000000083500000|100%| E|  |TAMS 0x0000000083400000, 0x0000000083400000| Complete 
|  53|0x0000000083500000, 0x0000000083600000, 0x0000000083600000|100%| E|CS|TAMS 0x0000000083500000, 0x0000000083500000| Complete 
|  54|0x0000000083600000, 0x0000000083700000, 0x0000000083700000|100%| E|CS|TAMS 0x0000000083600000, 0x0000000083600000| Complete 
|  55|0x0000000083700000, 0x0000000083800000, 0x0000000083800000|100%| E|CS|TAMS 0x0000000083700000, 0x0000000083700000| Complete 
|  56|0x0000000083800000, 0x0000000083900000, 0x0000000083900000|100%| E|CS|TAMS 0x0000000083800000, 0x0000000083800000| Complete 
|  57|0x0000000083900000, 0x0000000083a00000, 0x0000000083a00000|100%| E|CS|TAMS 0x0000000083900000, 0x0000000083900000| Complete 
|  58|0x0000000083a00000, 0x0000000083b00000, 0x0000000083b00000|100%| E|CS|TAMS 0x0000000083a00000, 0x0000000083a00000| Complete 
|  59|0x0000000083b00000, 0x0000000083c00000, 0x0000000083c00000|100%| E|CS|TAMS 0x0000000083b00000, 0x0000000083b00000| Complete 
|  60|0x0000000083c00000, 0x0000000083d00000, 0x0000000083d00000|100%| E|CS|TAMS 0x0000000083c00000, 0x0000000083c00000| Complete 
|  61|0x0000000083d00000, 0x0000000083e00000, 0x0000000083e00000|100%| E|CS|TAMS 0x0000000083d00000, 0x0000000083d00000| Complete 
|  62|0x0000000083e00000, 0x0000000083f00000, 0x0000000083f00000|100%| E|CS|TAMS 0x0000000083e00000, 0x0000000083e00000| Complete 
|  63|0x0000000083f00000, 0x0000000084000000, 0x0000000084000000|100%| E|CS|TAMS 0x0000000083f00000, 0x0000000083f00000| Complete 
|  64|0x0000000084000000, 0x0000000084100000, 0x0000000084100000|100%| E|CS|TAMS 0x0000000084000000, 0x0000000084000000| Complete 
|  65|0x0000000084100000, 0x0000000084200000, 0x0000000084200000|100%| E|CS|TAMS 0x0000000084100000, 0x0000000084100000| Complete 
|  93|0x0000000085d00000, 0x0000000085e00000, 0x0000000085e00000|100%| E|CS|TAMS 0x0000000085d00000, 0x0000000085d00000| Complete 

Card table byte_map: [0x000002151cd20000,0x000002151d120000] _byte_map_base: 0x000002151c920000

Marking Bits (Prev, Next): (CMBitMap*) 0x000002150a1862e0, (CMBitMap*) 0x000002150a186320
 Prev Bits: [0x000002151d520000, 0x000002151f520000)
 Next Bits: [0x000002151f520000, 0x0000021521520000)

Polling page: 0x0000021508080000

Metaspace:

Usage:
  Non-class:     35.10 MB used.
      Class:      5.35 MB used.
       Both:     40.45 MB used.

Virtual space:
  Non-class space:       40.00 MB reserved,      35.31 MB ( 88%) committed,  5 nodes.
      Class space:        1.00 GB reserved,       5.44 MB ( <1%) committed,  1 nodes.
             Both:        1.04 GB reserved,      40.75 MB (  4%) committed. 

Chunk freelists:
   Non-Class:  112.00 KB
       Class:  2.44 MB
        Both:  2.55 MB

MaxMetaspaceSize: unlimited
CompressedClassSpaceSize: 1.00 GB
Initial GC threshold: 21.00 MB
Current GC threshold: 58.69 MB
CDS: off
MetaspaceReclaimPolicy: balanced
 - commit_granule_bytes: 65536.
 - commit_granule_words: 8192.
 - virtual_space_node_default_size: 1048576.
 - enlarge_chunks_in_place: 1.
 - new_chunks_are_fully_committed: 0.
 - uncommit_free_chunks: 1.
 - use_allocation_guard: 0.
 - handle_deallocations: 1.


Internal statistics:

num_allocs_failed_limit: 6.
num_arena_births: 316.
num_arena_deaths: 0.
num_vsnodes_births: 6.
num_vsnodes_deaths: 0.
num_space_committed: 652.
num_space_uncommitted: 0.
num_chunks_returned_to_freelist: 6.
num_chunks_taken_from_freelist: 1459.
num_chunk_merges: 6.
num_chunk_splits: 973.
num_chunks_enlarged: 697.
num_purges: 0.
num_inconsistent_stats: 0.

CodeHeap 'non-profiled nmethods': size=120000Kb used=1839Kb max_used=1839Kb free=118160Kb
 bounds [0x00000215150c0000, 0x0000021515330000, 0x000002151c5f0000]
CodeHeap 'profiled nmethods': size=120000Kb used=7688Kb max_used=7688Kb free=112311Kb
 bounds [0x000002150d5f0000, 0x000002150dd80000, 0x0000021514b20000]
CodeHeap 'non-nmethods': size=5760Kb used=1583Kb max_used=1606Kb free=4176Kb
 bounds [0x0000021514b20000, 0x0000021514d90000, 0x00000215150c0000]
 total_blobs=4395 nmethods=3745 adapters=562
 compilation: enabled
              stopped_count=0, restarted_count=0
 full_count=0

Compilation events (20 events):
Event: 13.980 Thread 0x000002152494f770 3693       3       java.lang.reflect.Method::getGenericInfo (27 bytes)
Event: 13.980 Thread 0x000002152494f770 nmethod 3693 0x000002150dd52d10 code [0x000002150dd52f80, 0x000002150dd53d78]
Event: 13.980 Thread 0x000002152494f770 3694       1       sun.reflect.generics.tree.MethodTypeSignature::getParameterTypes (5 bytes)
Event: 13.980 Thread 0x000002152494f770 nmethod 3694 0x0000021515289a90 code [0x0000021515289c20, 0x0000021515289cf8]
Event: 13.981 Thread 0x000002152494f770 3695  s!   3       java.beans.PropertyDescriptor::getPropertyType (33 bytes)
Event: 13.981 Thread 0x000002152494f770 nmethod 3695 0x000002150dd54290 code [0x000002150dd544c0, 0x000002150dd54e68]
Event: 13.985 Thread 0x000002152494f770 3697       3       java.lang.invoke.LambdaFormEditor$TransformKey::inRange (36 bytes)
Event: 13.985 Thread 0x000002152494f770 nmethod 3697 0x000002150dd55190 code [0x000002150dd55320, 0x000002150dd55478]
Event: 13.986 Thread 0x000002152494f770 3699       3       java.beans.MethodRef::isSet (13 bytes)
Event: 13.986 Thread 0x000002152494f770 nmethod 3699 0x000002150dd55510 code [0x000002150dd556a0, 0x000002150dd55818]
Event: 13.986 Thread 0x000002152494f770 3700       3       groovy.lang.MetaClassImpl$Index::getNotNull (32 bytes)
Event: 13.986 Thread 0x000002152494f770 nmethod 3700 0x000002150dd55890 code [0x000002150dd55a60, 0x000002150dd560e8]
Event: 13.990 Thread 0x000002152494f770 3701       3       groovy.lang.MetaBeanProperty::<init> (18 bytes)
Event: 13.990 Thread 0x000002152494f770 nmethod 3701 0x000002150dd56310 code [0x000002150dd564c0, 0x000002150dd567f8]
Event: 13.990 Thread 0x000002152494f770 3703       3       org.codehaus.groovy.util.ComplexKeyHashMap$1::nextEntry (69 bytes)
Event: 13.991 Thread 0x000002152494f770 nmethod 3703 0x000002150dd56910 code [0x000002150dd56ae0, 0x000002150dd56e88]
Event: 13.991 Thread 0x000002152494f770 3702       3       org.codehaus.groovy.util.ComplexKeyHashMap$1::next (5 bytes)
Event: 13.991 Thread 0x000002152494f770 nmethod 3702 0x000002150dd57090 code [0x000002150dd57240, 0x000002150dd57388]
Event: 13.991 Thread 0x000002152494f770 3704       3       org.codehaus.groovy.reflection.CachedClass::addSubclassExpandos (138 bytes)
Event: 13.991 Thread 0x000002152494f770 nmethod 3704 0x000002150dd57410 code [0x000002150dd576a0, 0x000002150dd58658]

GC Heap History (16 events):
Event: 3.641 GC heap before
{Heap before GC invocations=0 (full 0):
 garbage-first heap   total 96256K, used 26624K [0x0000000080000000, 0x0000000100000000)
  region size 1024K, 23 young (23552K), 0 survivors (0K)
 Metaspace       used 10287K, committed 10496K, reserved 1064960K
  class space    used 1061K, committed 1152K, reserved 1048576K
}
Event: 3.648 GC heap after
{Heap after GC invocations=1 (full 0):
 garbage-first heap   total 96256K, used 10096K [0x0000000080000000, 0x0000000100000000)
  region size 1024K, 3 young (3072K), 3 survivors (3072K)
 Metaspace       used 10287K, committed 10496K, reserved 1064960K
  class space    used 1061K, committed 1152K, reserved 1048576K
}
Event: 5.062 GC heap before
{Heap before GC invocations=1 (full 0):
 garbage-first heap   total 96256K, used 39792K [0x0000000080000000, 0x0000000100000000)
  region size 1024K, 31 young (31744K), 3 survivors (3072K)
 Metaspace       used 11224K, committed 11456K, reserved 1064960K
  class space    used 1165K, committed 1280K, reserved 1048576K
}
Event: 5.068 GC heap after
{Heap after GC invocations=2 (full 0):
 garbage-first heap   total 96256K, used 14029K [0x0000000080000000, 0x0000000100000000)
  region size 1024K, 4 young (4096K), 4 survivors (4096K)
 Metaspace       used 11224K, committed 11456K, reserved 1064960K
  class space    used 1165K, committed 1280K, reserved 1048576K
}
Event: 7.847 GC heap before
{Heap before GC invocations=2 (full 0):
 garbage-first heap   total 96256K, used 50893K [0x0000000080000000, 0x0000000100000000)
  region size 1024K, 41 young (41984K), 4 survivors (4096K)
 Metaspace       used 21200K, committed 21504K, reserved 1073152K
  class space    used 2571K, committed 2688K, reserved 1048576K
}
Event: 7.862 GC heap after
{Heap after GC invocations=3 (full 0):
 garbage-first heap   total 96256K, used 18622K [0x0000000080000000, 0x0000000100000000)
  region size 1024K, 5 young (5120K), 5 survivors (5120K)
 Metaspace       used 21200K, committed 21504K, reserved 1073152K
  class space    used 2571K, committed 2688K, reserved 1048576K
}
Event: 10.701 GC heap before
{Heap before GC invocations=4 (full 0):
 garbage-first heap   total 68608K, used 53438K [0x0000000080000000, 0x0000000100000000)
  region size 1024K, 40 young (40960K), 5 survivors (5120K)
 Metaspace       used 26848K, committed 27200K, reserved 1073152K
  class space    used 3552K, committed 3712K, reserved 1048576K
}
Event: 10.708 GC heap after
{Heap after GC invocations=5 (full 0):
 garbage-first heap   total 68608K, used 20934K [0x0000000080000000, 0x0000000100000000)
  region size 1024K, 3 young (3072K), 3 survivors (3072K)
 Metaspace       used 26848K, committed 27200K, reserved 1073152K
  class space    used 3552K, committed 3712K, reserved 1048576K
}
Event: 10.766 GC heap before
{Heap before GC invocations=5 (full 0):
 garbage-first heap   total 68608K, used 21958K [0x0000000080000000, 0x0000000100000000)
  region size 1024K, 4 young (4096K), 3 survivors (3072K)
 Metaspace       used 26876K, committed 27200K, reserved 1073152K
  class space    used 3552K, committed 3712K, reserved 1048576K
}
Event: 10.771 GC heap after
{Heap after GC invocations=6 (full 0):
 garbage-first heap   total 68608K, used 21026K [0x0000000080000000, 0x0000000100000000)
  region size 1024K, 1 young (1024K), 1 survivors (1024K)
 Metaspace       used 26876K, committed 27200K, reserved 1073152K
  class space    used 3552K, committed 3712K, reserved 1048576K
}
Event: 11.901 GC heap before
{Heap before GC invocations=6 (full 0):
 garbage-first heap   total 68608K, used 46626K [0x0000000080000000, 0x0000000100000000)
  region size 1024K, 26 young (26624K), 1 survivors (1024K)
 Metaspace       used 30873K, committed 31232K, reserved 1081344K
  class space    used 4202K, committed 4352K, reserved 1048576K
}
Event: 11.903 GC heap after
{Heap after GC invocations=7 (full 0):
 garbage-first heap   total 68608K, used 22078K [0x0000000080000000, 0x0000000100000000)
  region size 1024K, 2 young (2048K), 2 survivors (2048K)
 Metaspace       used 30873K, committed 31232K, reserved 1081344K
  class space    used 4202K, committed 4352K, reserved 1048576K
}
Event: 12.997 GC heap before
{Heap before GC invocations=7 (full 0):
 garbage-first heap   total 68608K, used 47678K [0x0000000080000000, 0x0000000100000000)
  region size 1024K, 28 young (28672K), 2 survivors (2048K)
 Metaspace       used 35651K, committed 35968K, reserved 1081344K
  class space    used 4877K, committed 5056K, reserved 1048576K
}
Event: 13.000 GC heap after
{Heap after GC invocations=8 (full 0):
 garbage-first heap   total 68608K, used 24384K [0x0000000080000000, 0x0000000100000000)
  region size 1024K, 4 young (4096K), 4 survivors (4096K)
 Metaspace       used 35651K, committed 35968K, reserved 1081344K
  class space    used 4877K, committed 5056K, reserved 1048576K
}
Event: 13.766 GC heap before
{Heap before GC invocations=9 (full 0):
 garbage-first heap   total 68608K, used 48960K [0x0000000080000000, 0x0000000100000000)
  region size 1024K, 29 young (29696K), 4 survivors (4096K)
 Metaspace       used 40478K, committed 40768K, reserved 1089536K
  class space    used 5365K, committed 5504K, reserved 1048576K
}
Event: 13.771 GC heap after
{Heap after GC invocations=10 (full 0):
 garbage-first heap   total 68608K, used 27911K [0x0000000080000000, 0x0000000100000000)
  region size 1024K, 4 young (4096K), 4 survivors (4096K)
 Metaspace       used 40478K, committed 40768K, reserved 1089536K
  class space    used 5365K, committed 5504K, reserved 1048576K
}

Dll operation events (2 events):
Event: 0.047 Loaded shared library K:\Programas\Android Studio\jbr\bin\java.dll
Event: 2.578 Loaded shared library K:\Programas\Android Studio\jbr\bin\verify.dll

Deoptimization events (20 events):
Event: 13.857 Thread 0x0000021525970e20 Uncommon trap: trap_request=0xffffffbe fr.pc=0x000002151525e480 relative=0x0000000000003aa0
Event: 13.857 Thread 0x0000021525970e20 Uncommon trap: reason=profile_predicate action=maybe_recompile pc=0x000002151525e480 method=java.util.AbstractCollection.addAll(Ljava/util/Collection;)Z @ 15 c2
Event: 13.857 Thread 0x0000021525970e20 DEOPT PACKING pc=0x000002151525e480 sp=0x00000015e85f9c90
Event: 13.857 Thread 0x0000021525970e20 DEOPT UNPACKING pc=0x0000021514b769a3 sp=0x00000015e85f9c88 mode 2
Event: 13.863 Thread 0x0000021525bd2d80 Uncommon trap: trap_request=0xffffffde fr.pc=0x0000021515273ae0 relative=0x0000000000000480
Event: 13.863 Thread 0x0000021525bd2d80 Uncommon trap: reason=class_check action=maybe_recompile pc=0x0000021515273ae0 method=java.util.stream.ReferencePipeline.forEachWithCancel(Ljava/util/Spliterator;Ljava/util/stream/Sink;)Z @ 1 c2
Event: 13.863 Thread 0x0000021525bd2d80 DEOPT PACKING pc=0x0000021515273ae0 sp=0x00000015e7ffefa0
Event: 13.863 Thread 0x0000021525bd2d80 DEOPT UNPACKING pc=0x0000021514b769a3 sp=0x00000015e7ffef40 mode 2
Event: 13.979 Thread 0x0000021525970e20 Uncommon trap: trap_request=0xffffffde fr.pc=0x00000215152815ac relative=0x000000000000044c
Event: 13.979 Thread 0x0000021525970e20 Uncommon trap: reason=class_check action=maybe_recompile pc=0x00000215152815ac method=java.util.regex.Pattern$Start.match(Ljava/util/regex/Matcher;ILjava/lang/CharSequence;)Z @ 44 c2
Event: 13.979 Thread 0x0000021525970e20 DEOPT PACKING pc=0x00000215152815ac sp=0x00000015e85f8f70
Event: 13.979 Thread 0x0000021525970e20 DEOPT UNPACKING pc=0x0000021514b769a3 sp=0x00000015e85f8e38 mode 2
Event: 13.979 Thread 0x0000021525970e20 Uncommon trap: trap_request=0xffffffde fr.pc=0x00000215152815ac relative=0x000000000000044c
Event: 13.979 Thread 0x0000021525970e20 Uncommon trap: reason=class_check action=maybe_recompile pc=0x00000215152815ac method=java.util.regex.Pattern$Start.match(Ljava/util/regex/Matcher;ILjava/lang/CharSequence;)Z @ 44 c2
Event: 13.979 Thread 0x0000021525970e20 DEOPT PACKING pc=0x00000215152815ac sp=0x00000015e85f8f70
Event: 13.979 Thread 0x0000021525970e20 DEOPT UNPACKING pc=0x0000021514b769a3 sp=0x00000015e85f8e38 mode 2
Event: 13.979 Thread 0x0000021525970e20 Uncommon trap: trap_request=0xffffffde fr.pc=0x0000021515272a8c relative=0x000000000000042c
Event: 13.979 Thread 0x0000021525970e20 Uncommon trap: reason=class_check action=maybe_recompile pc=0x0000021515272a8c method=java.util.regex.Pattern$Start.match(Ljava/util/regex/Matcher;ILjava/lang/CharSequence;)Z @ 44 c2
Event: 13.979 Thread 0x0000021525970e20 DEOPT PACKING pc=0x0000021515272a8c sp=0x00000015e85f8f00
Event: 13.979 Thread 0x0000021525970e20 DEOPT UNPACKING pc=0x0000021514b769a3 sp=0x00000015e85f8e40 mode 2

Classes unloaded (0 events):
No events

Classes redefined (0 events):
No events

Internal exceptions (20 events):
Event: 13.820 Thread 0x0000021525970e20 Exception <a 'java/lang/ClassNotFoundException'{0x0000000083c96cf8}: org/gradle/groovy/scripts/ScriptCustomizer> (0x0000000083c96cf8) 
thrown [s\src\hotspot\share\classfile\systemDictionary.cpp, line 256]
Event: 13.821 Thread 0x0000021525970e20 Exception <a 'java/lang/ClassNotFoundException'{0x0000000083ca7f38}: org/gradle/groovy/scripts/BasicScriptCustomizer> (0x0000000083ca7f38) 
thrown [s\src\hotspot\share\classfile\systemDictionary.cpp, line 256]
Event: 13.827 Thread 0x0000021525970e20 Exception <a 'java/lang/ClassNotFoundException'{0x0000000083cbeb10}: org/gradle/groovy/scripts/DefaultScriptCustomizer> (0x0000000083cbeb10) 
thrown [s\src\hotspot\share\classfile\systemDictionary.cpp, line 256]
Event: 13.839 Thread 0x0000021525970e20 Exception <a 'java/lang/ClassNotFoundException'{0x0000000083ce5c10}: org/gradle/initialization/InitScriptCustomizer> (0x0000000083ce5c10) 
thrown [s\src\hotspot\share\classfile\systemDictionary.cpp, line 256]
Event: 13.840 Thread 0x0000021525970e20 Exception <a 'java/lang/ClassNotFoundException'{0x0000000083cf3c68}: ijtestinit_9uy1ndpit1ro2wmn9rowtxq2fCustomizer> (0x0000000083cf3c68) 
thrown [s\src\hotspot\share\classfile\systemDictionary.cpp, line 256]
Event: 13.856 Thread 0x0000021525970e20 Exception <a 'java/lang/ClassNotFoundException'{0x0000000083b93a48}: org/gradle/internal/extensibility/DefaultExtraPropertiesExtensionBeanInfo> (0x0000000083b93a48) 
thrown [s\src\hotspot\share\classfile\systemDictionary.cpp, line 256]
Event: 13.856 Thread 0x0000021525970e20 Exception <a 'java/lang/ClassNotFoundException'{0x0000000083b9d130}: org/gradle/internal/extensibility/DefaultExtraPropertiesExtensionCustomizer> (0x0000000083b9d130) 
thrown [s\src\hotspot\share\classfile\systemDictionary.cpp, line 256]
Event: 13.876 Thread 0x0000021525970e20 Exception <a 'java/lang/ClassNotFoundException'{0x0000000083a2c778}: groovy/lang/ReferenceBeanInfo> (0x0000000083a2c778) 
thrown [s\src\hotspot\share\classfile\systemDictionary.cpp, line 256]
Event: 13.880 Thread 0x0000021525970e20 Exception <a 'java/lang/ClassNotFoundException'{0x0000000083a4ead0}: groovy/lang/ReferenceCustomizer> (0x0000000083a4ead0) 
thrown [s\src\hotspot\share\classfile\systemDictionary.cpp, line 256]
Event: 13.943 Thread 0x0000021525970e20 Exception <a 'java/lang/ClassNotFoundException'{0x0000000083835ca0}: org/gradle/invocation/DefaultGradle_DecoratedBeanInfo> (0x0000000083835ca0) 
thrown [s\src\hotspot\share\classfile\systemDictionary.cpp, line 256]
Event: 13.944 Thread 0x0000021525970e20 Exception <a 'java/lang/ClassNotFoundException'{0x0000000083843d70}: org/gradle/invocation/DefaultGradleBeanInfo> (0x0000000083843d70) 
thrown [s\src\hotspot\share\classfile\systemDictionary.cpp, line 256]
Event: 13.945 Thread 0x0000021525970e20 Exception <a 'java/lang/ClassNotFoundException'{0x0000000083852308}: org/gradle/api/internal/project/AbstractPluginAwareBeanInfo> (0x0000000083852308) 
thrown [s\src\hotspot\share\classfile\systemDictionary.cpp, line 256]
Event: 13.945 Thread 0x0000021525970e20 Exception <a 'java/lang/ClassNotFoundException'{0x00000000838607f8}: org/gradle/api/internal/project/AbstractPluginAwareCustomizer> (0x00000000838607f8) 
thrown [s\src\hotspot\share\classfile\systemDictionary.cpp, line 256]
Event: 13.947 Thread 0x0000021525970e20 Exception <a 'java/lang/ClassNotFoundException'{0x00000000838746c8}: org/gradle/invocation/DefaultGradleCustomizer> (0x00000000838746c8) 
thrown [s\src\hotspot\share\classfile\systemDictionary.cpp, line 256]
Event: 13.950 Thread 0x0000021525970e20 Exception <a 'java/lang/ClassNotFoundException'{0x00000000838b3050}: org/gradle/invocation/DefaultGradle_DecoratedCustomizer> (0x00000000838b3050) 
thrown [s\src\hotspot\share\classfile\systemDictionary.cpp, line 256]
Event: 13.977 Thread 0x0000021525970e20 Exception <a 'java/lang/ClassNotFoundException'{0x00000000837e7950}: groovy/lang/Closure$1BeanInfo> (0x00000000837e7950) 
thrown [s\src\hotspot\share\classfile\systemDictionary.cpp, line 256]
Event: 13.977 Thread 0x0000021525970e20 Exception <a 'java/lang/ClassNotFoundException'{0x000000008360a0c0}: groovy/lang/ClosureBeanInfo> (0x000000008360a0c0) 
thrown [s\src\hotspot\share\classfile\systemDictionary.cpp, line 256]
Event: 13.978 Thread 0x0000021525970e20 Exception <a 'java/lang/ClassNotFoundException'{0x000000008362c438}: groovy/lang/ClosureCustomizer> (0x000000008362c438) 
thrown [s\src\hotspot\share\classfile\systemDictionary.cpp, line 256]
Event: 13.982 Thread 0x0000021525970e20 Exception <a 'java/lang/ClassNotFoundException'{0x0000000083671df0}: groovy/lang/Closure$1Customizer> (0x0000000083671df0) 
thrown [s\src\hotspot\share\classfile\systemDictionary.cpp, line 256]
Event: 14.017 Thread 0x0000021525970e20 Exception <a 'java/lang/OutOfMemoryError'{0x00000000836f3aa0}> (0x00000000836f3aa0) 
thrown [s\src\hotspot\share\prims\jni.cpp, line 536]

VM Operations (20 events):
Event: 13.017 Executing VM operation: G1Concurrent
Event: 13.017 Executing VM operation: G1Concurrent done
Event: 13.247 Executing VM operation: HandshakeAllThreads
Event: 13.247 Executing VM operation: HandshakeAllThreads done
Event: 13.366 Executing VM operation: HandshakeAllThreads
Event: 13.366 Executing VM operation: HandshakeAllThreads done
Event: 13.549 Executing VM operation: HandshakeAllThreads
Event: 13.549 Executing VM operation: HandshakeAllThreads done
Event: 13.549 Executing VM operation: HandshakeAllThreads
Event: 13.549 Executing VM operation: HandshakeAllThreads done
Event: 13.555 Executing VM operation: HandshakeAllThreads
Event: 13.555 Executing VM operation: HandshakeAllThreads done
Event: 13.566 Executing VM operation: HandshakeAllThreads
Event: 13.566 Executing VM operation: HandshakeAllThreads done
Event: 13.602 Executing VM operation: HandshakeAllThreads
Event: 13.602 Executing VM operation: HandshakeAllThreads done
Event: 13.711 Executing VM operation: HandshakeAllThreads
Event: 13.711 Executing VM operation: HandshakeAllThreads done
Event: 13.766 Executing VM operation: G1CollectForAllocation
Event: 13.771 Executing VM operation: G1CollectForAllocation done

Events (20 events):
Event: 13.713 loading class jdk/internal/jrtfs/JrtDirectoryStream
Event: 13.713 loading class jdk/internal/jrtfs/JrtDirectoryStream done
Event: 13.718 loading class jdk/internal/jrtfs/JrtDirectoryStream$1
Event: 13.718 loading class jdk/internal/jrtfs/JrtDirectoryStream$1 done
Event: 13.719 loading class java/util/function/BooleanSupplier
Event: 13.719 loading class java/util/function/BooleanSupplier done
Event: 13.721 loading class jdk/internal/jimage/ImageReader$Resource
Event: 13.721 loading class jdk/internal/jimage/ImageReader$Resource done
Event: 13.787 loading class java/util/WeakHashMap$KeyIterator
Event: 13.787 loading class java/util/WeakHashMap$HashIterator
Event: 13.787 loading class java/util/WeakHashMap$HashIterator done
Event: 13.787 loading class java/util/WeakHashMap$KeyIterator done
Event: 13.983 loading class com/sun/beans/finder/MethodFinder
Event: 13.983 loading class com/sun/beans/finder/AbstractFinder
Event: 13.983 loading class com/sun/beans/finder/AbstractFinder done
Event: 13.983 loading class com/sun/beans/finder/MethodFinder done
Event: 13.983 loading class com/sun/beans/finder/MethodFinder$1
Event: 13.983 loading class com/sun/beans/finder/MethodFinder$1 done
Event: 13.983 loading class com/sun/beans/finder/FinderUtils
Event: 13.983 loading class com/sun/beans/finder/FinderUtils done


Dynamic libraries:
0x00007ff66d900000 - 0x00007ff66d90a000 	K:\Programas\Android Studio\jbr\bin\java.exe
0x00007ff930fd0000 - 0x00007ff9311e7000 	C:\WINDOWS\SYSTEM32\ntdll.dll
0x00007ff92f3a0000 - 0x00007ff92f464000 	C:\WINDOWS\System32\KERNEL32.DLL
0x00007ff92e860000 - 0x00007ff92ec05000 	C:\WINDOWS\System32\KERNELBASE.dll
0x00007ff92e3f0000 - 0x00007ff92e501000 	C:\WINDOWS\System32\ucrtbase.dll
0x00007ff8fd9a0000 - 0x00007ff8fd9b7000 	K:\Programas\Android Studio\jbr\bin\jli.dll
0x00007ff92f620000 - 0x00007ff92f7ce000 	C:\WINDOWS\System32\USER32.dll
0x00007ff92e340000 - 0x00007ff92e366000 	C:\WINDOWS\System32\win32u.dll
0x00007ff92f7e0000 - 0x00007ff92f809000 	C:\WINDOWS\System32\GDI32.dll
0x00007ff92e5d0000 - 0x00007ff92e6e9000 	C:\WINDOWS\System32\gdi32full.dll
0x00007ff92ec10000 - 0x00007ff92ecaa000 	C:\WINDOWS\System32\msvcp_win.dll
0x00007ff91b740000 - 0x00007ff91b9d3000 	C:\WINDOWS\WinSxS\amd64_microsoft.windows.common-controls_6595b64144ccf1df_6.0.22621.2506_none_270c5ae97388e100\COMCTL32.dll
0x00007ff930d20000 - 0x00007ff930dc7000 	C:\WINDOWS\System32\msvcrt.dll
0x00007ff920ef0000 - 0x00007ff920f0b000 	K:\Programas\Android Studio\jbr\bin\VCRUNTIME140.dll
0x00007ff92fd10000 - 0x00007ff92fd41000 	C:\WINDOWS\System32\IMM32.DLL
0x00007ff91ecc0000 - 0x00007ff91eccc000 	K:\Programas\Android Studio\jbr\bin\vcruntime140_1.dll
0x00007ff8f9ec0000 - 0x00007ff8f9f4d000 	K:\Programas\Android Studio\jbr\bin\msvcp140.dll
0x00007ff896cc0000 - 0x00007ff89792e000 	K:\Programas\Android Studio\jbr\bin\server\jvm.dll
0x00007ff930be0000 - 0x00007ff930c91000 	C:\WINDOWS\System32\ADVAPI32.dll
0x00007ff92f470000 - 0x00007ff92f516000 	C:\WINDOWS\System32\sechost.dll
0x00007ff92fda0000 - 0x00007ff92feb7000 	C:\WINDOWS\System32\RPCRT4.dll
0x00007ff91fa10000 - 0x00007ff91fa19000 	C:\WINDOWS\SYSTEM32\WSOCK32.dll
0x00007ff92fee0000 - 0x00007ff92ff51000 	C:\WINDOWS\System32\WS2_32.dll
0x00007ff928f50000 - 0x00007ff928f84000 	C:\WINDOWS\SYSTEM32\WINMM.dll
0x00007ff924320000 - 0x00007ff92432a000 	C:\WINDOWS\SYSTEM32\VERSION.dll
0x00007ff92d340000 - 0x00007ff92d358000 	C:\WINDOWS\SYSTEM32\kernel.appcore.dll
0x00007ff90ca60000 - 0x00007ff90ca6a000 	K:\Programas\Android Studio\jbr\bin\jimage.dll
0x00007ff92bd10000 - 0x00007ff92bf43000 	C:\WINDOWS\SYSTEM32\DBGHELP.DLL
0x00007ff92f8a0000 - 0x00007ff92fc29000 	C:\WINDOWS\System32\combase.dll
0x00007ff92fc30000 - 0x00007ff92fd07000 	C:\WINDOWS\System32\OLEAUT32.dll
0x00007ff9253e0000 - 0x00007ff925412000 	C:\WINDOWS\SYSTEM32\dbgcore.DLL
0x00007ff92e370000 - 0x00007ff92e3ea000 	C:\WINDOWS\System32\bcryptPrimitives.dll
0x00007ff8ff940000 - 0x00007ff8ff965000 	K:\Programas\Android Studio\jbr\bin\java.dll
0x00007ff9060e0000 - 0x00007ff9060f8000 	K:\Programas\Android Studio\jbr\bin\zip.dll
0x00007ff9300d0000 - 0x00007ff930929000 	C:\WINDOWS\System32\SHELL32.dll
0x00007ff92c260000 - 0x00007ff92cb54000 	C:\WINDOWS\SYSTEM32\windows.storage.dll
0x00007ff92c120000 - 0x00007ff92c25e000 	C:\WINDOWS\SYSTEM32\wintypes.dll
0x00007ff92f520000 - 0x00007ff92f613000 	C:\WINDOWS\System32\SHCORE.dll
0x00007ff92eec0000 - 0x00007ff92ef1e000 	C:\WINDOWS\System32\shlwapi.dll
0x00007ff92e270000 - 0x00007ff92e296000 	C:\WINDOWS\SYSTEM32\profapi.dll
0x00007ff904770000 - 0x00007ff904789000 	K:\Programas\Android Studio\jbr\bin\net.dll
0x00007ff9265f0000 - 0x00007ff926727000 	C:\WINDOWS\SYSTEM32\WINHTTP.dll
0x00007ff92d7c0000 - 0x00007ff92d829000 	C:\WINDOWS\system32\mswsock.dll
0x00007ff903b50000 - 0x00007ff903b66000 	K:\Programas\Android Studio\jbr\bin\nio.dll
0x00007ff90c8d0000 - 0x00007ff90c8e0000 	K:\Programas\Android Studio\jbr\bin\verify.dll
0x00007ff91a640000 - 0x00007ff91a667000 	C:\Users\DBENI\.gradle\native\68d5fa5c4cc2d200863cafc0d521ce42e7d3e7ee720ec0a83991735586a16f82\windows-amd64\native-platform.dll
0x00007ff8ef620000 - 0x00007ff8ef764000 	C:\Users\DBENI\.gradle\native\e376f236ea51e6404a007f0833ffe2c6e607c4080706a723a18a27aeea778392\windows-amd64\native-platform-file-events.dll
0x00007ff90bb20000 - 0x00007ff90bb29000 	K:\Programas\Android Studio\jbr\bin\management.dll
0x00007ff90b8c0000 - 0x00007ff90b8cb000 	K:\Programas\Android Studio\jbr\bin\management_ext.dll
0x00007ff92f7d0000 - 0x00007ff92f7d8000 	C:\WINDOWS\System32\PSAPI.DLL
0x00007ff92da20000 - 0x00007ff92da3b000 	C:\WINDOWS\SYSTEM32\CRYPTSP.dll
0x00007ff92d2a0000 - 0x00007ff92d2d5000 	C:\WINDOWS\system32\rsaenh.dll
0x00007ff92d8b0000 - 0x00007ff92d8dc000 	C:\WINDOWS\SYSTEM32\USERENV.dll
0x00007ff92dbe0000 - 0x00007ff92dc08000 	C:\WINDOWS\SYSTEM32\bcrypt.dll
0x00007ff92da10000 - 0x00007ff92da1c000 	C:\WINDOWS\SYSTEM32\CRYPTBASE.dll
0x00007ff92cdc0000 - 0x00007ff92cded000 	C:\WINDOWS\SYSTEM32\IPHLPAPI.DLL
0x00007ff930930000 - 0x00007ff930939000 	C:\WINDOWS\System32\NSI.dll
0x00007ff926390000 - 0x00007ff9263a9000 	C:\WINDOWS\SYSTEM32\dhcpcsvc6.DLL
0x00007ff926140000 - 0x00007ff92615f000 	C:\WINDOWS\SYSTEM32\dhcpcsvc.DLL
0x00007ff92ce30000 - 0x00007ff92cf29000 	C:\WINDOWS\SYSTEM32\DNSAPI.dll
0x00007ff90cb30000 - 0x00007ff90cb38000 	C:\WINDOWS\system32\wshunix.dll

dbghelp: loaded successfully - version: 4.0.5 - missing functions: none
symbol engine: initialized successfully - sym options: 0x614 - pdb path: .;K:\Programas\Android Studio\jbr\bin;C:\WINDOWS\SYSTEM32;C:\WINDOWS\WinSxS\amd64_microsoft.windows.common-controls_6595b64144ccf1df_6.0.22621.2506_none_270c5ae97388e100;K:\Programas\Android Studio\jbr\bin\server;C:\Users\DBENI\.gradle\native\68d5fa5c4cc2d200863cafc0d521ce42e7d3e7ee720ec0a83991735586a16f82\windows-amd64;C:\Users\DBENI\.gradle\native\e376f236ea51e6404a007f0833ffe2c6e607c4080706a723a18a27aeea778392\windows-amd64

VM Arguments:
jvm_args: --add-opens=java.base/java.util=ALL-UNNAMED --add-opens=java.base/java.lang=ALL-UNNAMED --add-opens=java.base/java.lang.invoke=ALL-UNNAMED --add-opens=java.prefs/java.util.prefs=ALL-UNNAMED --add-opens=java.base/java.nio.charset=ALL-UNNAMED --add-opens=java.base/java.net=ALL-UNNAMED --add-opens=java.base/java.util.concurrent.atomic=ALL-UNNAMED -Xmx2048m -Dfile.encoding=UTF-8 -Duser.country=ES -Duser.language=es -Duser.variant 
java_command: org.gradle.launcher.daemon.bootstrap.GradleDaemon 8.0
java_class_path (initial): C:\Users\DBENI\.gradle\wrapper\dists\gradle-8.0-bin\ca5e32bp14vu59qr306oxotwh\gradle-8.0\lib\gradle-launcher-8.0.jar
Launcher Type: SUN_STANDARD

[Global flags]
     intx CICompilerCount                          = 4                                         {product} {ergonomic}
     uint ConcGCThreads                            = 2                                         {product} {ergonomic}
     uint G1ConcRefinementThreads                  = 8                                         {product} {ergonomic}
   size_t G1HeapRegionSize                         = 1048576                                   {product} {ergonomic}
    uintx GCDrainStackTargetSize                   = 64                                        {product} {ergonomic}
   size_t InitialHeapSize                          = 98566144                                  {product} {ergonomic}
   size_t MarkStackSize                            = 4194304                                   {product} {ergonomic}
   size_t MaxHeapSize                              = 2147483648                                {product} {command line}
   size_t MaxNewSize                               = 1287651328                                {product} {ergonomic}
   size_t MinHeapDeltaBytes                        = 1048576                                   {product} {ergonomic}
   size_t MinHeapSize                              = 8388608                                   {product} {ergonomic}
    uintx NonNMethodCodeHeapSize                   = 5839372                                {pd product} {ergonomic}
    uintx NonProfiledCodeHeapSize                  = 122909434                              {pd product} {ergonomic}
    uintx ProfiledCodeHeapSize                     = 122909434                              {pd product} {ergonomic}
    uintx ReservedCodeCacheSize                    = 251658240                              {pd product} {ergonomic}
     bool SegmentedCodeCache                       = true                                      {product} {ergonomic}
   size_t SoftMaxHeapSize                          = 2147483648                             {manageable} {ergonomic}
     bool UseCompressedClassPointers               = true                           {product lp64_product} {ergonomic}
     bool UseCompressedOops                        = true                           {product lp64_product} {ergonomic}
     bool UseG1GC                                  = true                                      {product} {ergonomic}
     bool UseLargePagesIndividualAllocation        = false                                  {pd product} {ergonomic}

Logging:
Log output configuration:
 #0: stdout all=warning uptime,level,tags
 #1: stderr all=off uptime,level,tags

Environment Variables:
PATH=C:\Program Files\Common Files\Oracle\Java\javapath;C:\Program Files (x86)\Common Files\Oracle\Java\javapath;C:\oraclexe\app\oracle\product\11.2.0\server\bin;C:\WINDOWS\system32;C:\WINDOWS;C:\WINDOWS\System32\Wbem;C:\WINDOWS\System32\WindowsPowerShell\v1.0\;C:\WINDOWS\System32\OpenSSH\;C:\Program Files\Git\cmd;K:\Programas\BaseX\bin;C:\Program Files\Microsoft SQL Server\150\Tools\Binn\;C:\Program Files\Microsoft SQL Server\Client SDK\ODBC\170\Tools\Binn\;C:\Program Files\dotnet\;C:\Program Files\MySQL\MySQL Shell 8.0\bin\;C:\Users\DBENI\AppData\Local\Microsoft\WindowsApps;C:\Dam 2022\openjdk-18.0.2.1_windows-x64_bin\jdk-18.0.2.1\bin;C:\Dam 2022\Microsoft VS Code\bin;C:\Users\DBENI\.dotnet\tools;K:\sqlite;
USERNAME=DBENI
OS=Windows_NT
PROCESSOR_IDENTIFIER=AMD64 Family 23 Model 104 Stepping 1, AuthenticAMD
TMP=C:\Users\DBENI\AppData\Local\Temp
TEMP=C:\Users\DBENI\AppData\Local\Temp


JNI global refs:
JNI global refs: 23, weak refs: 5

JNI global refs memory usage: 843, weak refs: 841


---------------  S Y S T E M  ---------------

OS:
 Windows 11 , 64 bit Build 22621 (10.0.22621.2506)
OS uptime: 20 days 20:13 hours

CPU: total 8 (initial active 8) (8 cores per cpu, 2 threads per core) family 23 model 104 stepping 1 microcode 0x0, cx8, cmov, fxsr, ht, mmx, 3dnowpref, sse, sse2, sse3, ssse3, sse4a, sse4.1, sse4.2, popcnt, lzcnt, tsc, tscinvbit, avx, avx2, aes, clmul, bmi1, bmi2, adx, sha, fma, vzeroupper, clflush, clflushopt

Memory: 4k page, system-wide physical 6005M (290M free)
TotalPageFile size 24437M (AvailPageFile size 2M)
current process WorkingSet (physical memory assigned to process): 199M, peak: 199M
current process commit charge ("private bytes"): 238M, peak: 238M

vm_info: OpenJDK 64-Bit Server VM (17.0.6+0-b2043.56-10027231) for windows-amd64 JRE (17.0.6+0-b2043.56-10027231), built on Apr 28 2023 00:43:19 by "androidbuild" with MS VC++ 16.10 / 16.11 (VS2019)

END.
