#
# There is insufficient memory for the Java Runtime Environment to continue.
# Native memory allocation (mmap) failed to map 98566144 bytes for G1 virtual space
# Possible reasons:
#   The system is out of physical RAM or swap space
#   The process is running with CompressedOops enabled, and the Java Heap may be blocking the growth of the native heap
# Possible solutions:
#   Reduce memory load on the system
#   Increase physical memory or swap space
#   Check if swap backing store is full
#   Decrease Java heap size (-Xmx/-Xms)
#   Decrease number of Java threads
#   Decrease Java thread stack sizes (-Xss)
#   Set larger code cache with -XX:ReservedCodeCacheSize=
#   JVM is running with Unscaled Compressed Oops mode in which the Java heap is
#     placed in the first 4GB address space. The Java Heap base address is the
#     maximum limit for the native heap growth. Please use -XX:HeapBaseMinAddress
#     to set the Java Heap base and to place the Java Heap above 4GB virtual address.
# This output file may be truncated or incomplete.
#
#  Out of Memory Error (os_windows.cpp:3769), pid=64532, tid=52528
#
# JRE version:  (17.0.6) (build )
# Java VM: OpenJDK 64-Bit Server VM (17.0.6+0-b2043.56-10027231, mixed mode, sharing, tiered, compressed oops, compressed class ptrs, g1 gc, windows-amd64)
# No core dump will be written. Minidumps are not enabled by default on client versions of Windows
#

---------------  S U M M A R Y ------------

Command Line: org.jetbrains.kotlin.cli.jvm.K2JVMCompiler @C:\Users\DBENI\AndroidStudioProjects\EjemploNavegacion\app\build\20231213_510064748644393373.compiler.options

Host: AMD Ryzen 3 5300U with Radeon Graphics         , 8 cores, 5G,  Windows 11 , 64 bit Build 22621 (10.0.22621.2506)
Time: Wed Dec 13 09:26:05 2023 Hora estándar romance elapsed time: 0.051227 seconds (0d 0h 0m 0s)

---------------  T H R E A D  ---------------

Current thread (0x000001e9d63a8ae0):  JavaThread "Unknown thread" [_thread_in_vm, id=52528, stack(0x000000633bf00000,0x000000633c000000)]

Stack: [0x000000633bf00000,0x000000633c000000]
Native frames: (J=compiled Java code, j=interpreted, Vv=VM code, C=native code)
V  [jvm.dll+0x683c9a]
V  [jvm.dll+0x8427a4]
V  [jvm.dll+0x843f9e]
V  [jvm.dll+0x844603]
V  [jvm.dll+0x249b75]
V  [jvm.dll+0x680b69]
V  [jvm.dll+0x67505a]
V  [jvm.dll+0x309acb]
V  [jvm.dll+0x310f86]
V  [jvm.dll+0x3608ee]
V  [jvm.dll+0x360b1f]
V  [jvm.dll+0x2dfbf8]
V  [jvm.dll+0x2e0b64]
V  [jvm.dll+0x814091]
V  [jvm.dll+0x36e6a1]
V  [jvm.dll+0x7f35cc]
V  [jvm.dll+0x3f0e8f]
V  [jvm.dll+0x3f29d1]
C  [jli.dll+0x526b]
C  [ucrtbase.dll+0x29363]
C  [KERNEL32.DLL+0x1257d]
C  [ntdll.dll+0x5aa58]


---------------  P R O C E S S  ---------------

Threads class SMR info:
_java_thread_list=0x00007ff8bef9c058, length=0, elements={
}

Java Threads: ( => current thread )

Other Threads:
  0x000001e9d63f6010 GCTaskThread "GC Thread#0" [stack: 0x000000633c000000,0x000000633c100000] [id=44600]
  0x000001e9d64031c0 ConcurrentGCThread "G1 Main Marker" [stack: 0x000000633c100000,0x000000633c200000] [id=61376]
  0x000001e9d6403ae0 ConcurrentGCThread "G1 Conc#0" [stack: 0x000000633c200000,0x000000633c300000] [id=55424]

[error occurred during error reporting (printing all threads), id 0xc0000005, EXCEPTION_ACCESS_VIOLATION (0xc0000005) at pc=0x00007ff8be750797]

VM state: not at safepoint (not fully initialized)

VM Mutex/Monitor currently owned by a thread:  ([mutex/lock_event])
[0x000001e9d63a4930] Heap_lock - owner thread: 0x000001e9d63a8ae0

Heap address: 0x00000000a2200000, size: 1502 MB, Compressed Oops mode: 32-bit

CDS archive(s) mapped at: [0x0000000000000000-0x0000000000000000-0x0000000000000000), size 0, SharedBaseAddress: 0x0000000800000000, ArchiveRelocationMode: 0.
Narrow klass base: 0x0000000000000000, Narrow klass shift: 0, Narrow klass range: 0x0

GC Precious Log:
<Empty>

Heap:
 garbage-first heap   total 0K, used 0K [0x00000000a2200000, 0x0000000100000000)
  region size 1024K, 0 young (0K), 0 survivors (0K)

[error occurred during error reporting (printing heap information), id 0xc0000005, EXCEPTION_ACCESS_VIOLATION (0xc0000005) at pc=0x00007ff8beb3da89]

GC Heap History (0 events):
No events

Dll operation events (1 events):
Event: 0.031 Loaded shared library K:\Programas\Android Studio\jbr\bin\java.dll

Deoptimization events (0 events):
No events

Classes unloaded (0 events):
No events

Classes redefined (0 events):
No events

Internal exceptions (0 events):
No events

VM Operations (0 events):
No events

Events (0 events):
No events


Dynamic libraries:
0x00007ff792ba0000 - 0x00007ff792baa000 	K:\Programas\Android Studio\jbr\bin\java.exe
0x00007ff930fd0000 - 0x00007ff9311e7000 	C:\WINDOWS\SYSTEM32\ntdll.dll
0x00007ff92f3a0000 - 0x00007ff92f464000 	C:\WINDOWS\System32\KERNEL32.DLL
0x00007ff92e860000 - 0x00007ff92ec05000 	C:\WINDOWS\System32\KERNELBASE.dll
0x00007ff92e3f0000 - 0x00007ff92e501000 	C:\WINDOWS\System32\ucrtbase.dll
0x00007ff9180e0000 - 0x00007ff9180f7000 	K:\Programas\Android Studio\jbr\bin\jli.dll
0x00007ff915580000 - 0x00007ff91559b000 	K:\Programas\Android Studio\jbr\bin\VCRUNTIME140.dll
0x00007ff92f620000 - 0x00007ff92f7ce000 	C:\WINDOWS\System32\USER32.dll
0x00007ff92e340000 - 0x00007ff92e366000 	C:\WINDOWS\System32\win32u.dll
0x00007ff91b740000 - 0x00007ff91b9d3000 	C:\WINDOWS\WinSxS\amd64_microsoft.windows.common-controls_6595b64144ccf1df_6.0.22621.2506_none_270c5ae97388e100\COMCTL32.dll
0x00007ff92f7e0000 - 0x00007ff92f809000 	C:\WINDOWS\System32\GDI32.dll
0x00007ff930d20000 - 0x00007ff930dc7000 	C:\WINDOWS\System32\msvcrt.dll
0x00007ff92e5d0000 - 0x00007ff92e6e9000 	C:\WINDOWS\System32\gdi32full.dll
0x00007ff92ec10000 - 0x00007ff92ecaa000 	C:\WINDOWS\System32\msvcp_win.dll
0x00007ff92fd10000 - 0x00007ff92fd41000 	C:\WINDOWS\System32\IMM32.DLL
0x00007ff9156f0000 - 0x00007ff9156fc000 	K:\Programas\Android Studio\jbr\bin\vcruntime140_1.dll
0x00007ff904780000 - 0x00007ff90480d000 	K:\Programas\Android Studio\jbr\bin\msvcp140.dll
0x00007ff8be460000 - 0x00007ff8bf0ce000 	K:\Programas\Android Studio\jbr\bin\server\jvm.dll
0x00007ff930be0000 - 0x00007ff930c91000 	C:\WINDOWS\System32\ADVAPI32.dll
0x00007ff92f470000 - 0x00007ff92f516000 	C:\WINDOWS\System32\sechost.dll
0x00007ff92fda0000 - 0x00007ff92feb7000 	C:\WINDOWS\System32\RPCRT4.dll
0x00007ff928f50000 - 0x00007ff928f84000 	C:\WINDOWS\SYSTEM32\WINMM.dll
0x00007ff91fa10000 - 0x00007ff91fa19000 	C:\WINDOWS\SYSTEM32\WSOCK32.dll
0x00007ff924320000 - 0x00007ff92432a000 	C:\WINDOWS\SYSTEM32\VERSION.dll
0x00007ff92fee0000 - 0x00007ff92ff51000 	C:\WINDOWS\System32\ws2_32.DLL
0x00007ff92d340000 - 0x00007ff92d358000 	C:\WINDOWS\SYSTEM32\kernel.appcore.dll
0x00007ff91ba30000 - 0x00007ff91ba3a000 	K:\Programas\Android Studio\jbr\bin\jimage.dll
0x00007ff92bd10000 - 0x00007ff92bf43000 	C:\WINDOWS\SYSTEM32\DBGHELP.DLL
0x00007ff92f8a0000 - 0x00007ff92fc29000 	C:\WINDOWS\System32\combase.dll
0x00007ff92fc30000 - 0x00007ff92fd07000 	C:\WINDOWS\System32\OLEAUT32.dll
0x00007ff9253e0000 - 0x00007ff925412000 	C:\WINDOWS\SYSTEM32\dbgcore.DLL
0x00007ff92e370000 - 0x00007ff92e3ea000 	C:\WINDOWS\System32\bcryptPrimitives.dll
0x00007ff91b0a0000 - 0x00007ff91b0c5000 	K:\Programas\Android Studio\jbr\bin\java.dll

dbghelp: loaded successfully - version: 4.0.5 - missing functions: none
symbol engine: initialized successfully - sym options: 0x614 - pdb path: .;K:\Programas\Android Studio\jbr\bin;C:\WINDOWS\SYSTEM32;C:\WINDOWS\WinSxS\amd64_microsoft.windows.common-controls_6595b64144ccf1df_6.0.22621.2506_none_270c5ae97388e100;K:\Programas\Android Studio\jbr\bin\server

VM Arguments:
java_command: org.jetbrains.kotlin.cli.jvm.K2JVMCompiler @C:\Users\DBENI\AndroidStudioProjects\EjemploNavegacion\app\build\20231213_510064748644393373.compiler.options
java_class_path (initial): C:\Users\DBENI\.gradle\caches\modules-2\files-2.1\org.jetbrains.kotlin\kotlin-compiler-embeddable\1.9.0\2c8c3a7402becca891f12739b3e9fd2dc2adbd7a\kotlin-compiler-embeddable-1.9.0.jar;C:\Users\DBENI\.gradle\caches\modules-2\files-2.1\org.jetbrains.kotlin\kotlin-stdlib\1.9.0\8ee15ef0c67dc83d874f412d84378d7f0eb50b63\kotlin-stdlib-1.9.0.jar;C:\Users\DBENI\.gradle\caches\modules-2\files-2.1\org.jetbrains.kotlin\kotlin-script-runtime\1.9.0\4b3102cbbb7e1b58d9d1adf89563f00069ffa7d1\kotlin-script-runtime-1.9.0.jar;C:\Users\DBENI\.gradle\caches\modules-2\files-2.1\org.jetbrains.kotlin\kotlin-reflect\1.6.10\1cbe9c92c12a94eea200d23c2bbaedaf3daf5132\kotlin-reflect-1.6.10.jar;C:\Users\DBENI\.gradle\caches\modules-2\files-2.1\org.jetbrains.kotlin\kotlin-daemon-embeddable\1.9.0\186543f5e28cf8d9a0290fecc2cf34301c40a65c\kotlin-daemon-embeddable-1.9.0.jar;C:\Users\DBENI\.gradle\caches\modules-2\files-2.1\org.jetbrains.intellij.deps\trove4j\1.0.20200330\3afb14d5f9ceb459d724e907a21145e8ff394f02\trove4j-1.0.20200330.jar;C:\Users\DBENI\.gradle\caches\modules-2\files-2.1\org.jetbrains.kotlin\kotlin-stdlib-common\1.9.0\cd65c21cfd1eec4d44ef09f9f52b6d9f8a720636\kotlin-stdlib-common-1.9.0.jar;C:\Users\DBENI\.gradle\caches\modules-2\files-2.1\org.jetbrains\annotations\13.0\919f0dfe192fb4e063e7dacadee7f8bb9a2672a9\annotations-13.0.jar
Launcher Type: SUN_STANDARD

[Global flags]
     intx CICompilerCount                          = 4                                         {product} {ergonomic}
     uint ConcGCThreads                            = 2                                         {product} {ergonomic}
     uint G1ConcRefinementThreads                  = 8                                         {product} {ergonomic}
   size_t G1HeapRegionSize                         = 1048576                                   {product} {ergonomic}
    uintx GCDrainStackTargetSize                   = 64                                        {product} {ergonomic}
   size_t InitialHeapSize                          = 98566144                                  {product} {ergonomic}
   size_t MarkStackSize                            = 4194304                                   {product} {ergonomic}
   size_t MaxHeapSize                              = 1574961152                                {product} {ergonomic}
   size_t MinHeapDeltaBytes                        = 1048576                                   {product} {ergonomic}
   size_t MinHeapSize                              = 8388608                                   {product} {ergonomic}
    uintx NonNMethodCodeHeapSize                   = 5839372                                {pd product} {ergonomic}
    uintx NonProfiledCodeHeapSize                  = 122909434                              {pd product} {ergonomic}
    uintx ProfiledCodeHeapSize                     = 122909434                              {pd product} {ergonomic}
    uintx ReservedCodeCacheSize                    = 251658240                              {pd product} {ergonomic}
     bool SegmentedCodeCache                       = true                                      {product} {ergonomic}
   size_t SoftMaxHeapSize                          = 1574961152                             {manageable} {ergonomic}
     bool UseCompressedClassPointers               = true                           {product lp64_product} {ergonomic}
     bool UseCompressedOops                        = true                           {product lp64_product} {ergonomic}
     bool UseG1GC                                  = true                                      {product} {ergonomic}
     bool UseLargePagesIndividualAllocation        = false                                  {pd product} {ergonomic}

Logging:
Log output configuration:
 #0: stdout all=warning uptime,level,tags
 #1: stderr all=off uptime,level,tags

Environment Variables:
PATH=C:\Program Files\Common Files\Oracle\Java\javapath;C:\Program Files (x86)\Common Files\Oracle\Java\javapath;C:\oraclexe\app\oracle\product\11.2.0\server\bin;C:\WINDOWS\system32;C:\WINDOWS;C:\WINDOWS\System32\Wbem;C:\WINDOWS\System32\WindowsPowerShell\v1.0\;C:\WINDOWS\System32\OpenSSH\;C:\Program Files\Git\cmd;K:\Programas\BaseX\bin;C:\Program Files\Microsoft SQL Server\150\Tools\Binn\;C:\Program Files\Microsoft SQL Server\Client SDK\ODBC\170\Tools\Binn\;C:\Program Files\dotnet\;C:\Program Files\MySQL\MySQL Shell 8.0\bin\;C:\Users\DBENI\AppData\Local\Microsoft\WindowsApps;C:\Dam 2022\openjdk-18.0.2.1_windows-x64_bin\jdk-18.0.2.1\bin;C:\Dam 2022\Microsoft VS Code\bin;C:\Users\DBENI\.dotnet\tools;K:\sqlite;
USERNAME=DBENI
OS=Windows_NT
PROCESSOR_IDENTIFIER=AMD64 Family 23 Model 104 Stepping 1, AuthenticAMD
TMP=C:\Users\DBENI\AppData\Local\Temp
TEMP=C:\Users\DBENI\AppData\Local\Temp


JNI global refs:

[error occurred during error reporting (JNI global references), id 0xc0000005, EXCEPTION_ACCESS_VIOLATION (0xc0000005) at pc=0x00007ff8be517a10]


---------------  S Y S T E M  ---------------

OS:
 Windows 11 , 64 bit Build 22621 (10.0.22621.2506)
OS uptime: 20 days 20:08 hours

CPU: total 8 (initial active 8) (8 cores per cpu, 2 threads per core) family 23 model 104 stepping 1 microcode 0x0, cx8, cmov, fxsr, ht, mmx, 3dnowpref, sse, sse2, sse3, ssse3, sse4a, sse4.1, sse4.2, popcnt, lzcnt, tsc, tscinvbit, avx, avx2, aes, clmul, bmi1, bmi2, adx, sha, fma, vzeroupper, clflush, clflushopt

Memory: 4k page, system-wide physical 6005M (68M free)
TotalPageFile size 24437M (AvailPageFile size 59M)
current process WorkingSet (physical memory assigned to process): 10M, peak: 10M
current process commit charge ("private bytes"): 60M, peak: 154M

vm_info: OpenJDK 64-Bit Server VM (17.0.6+0-b2043.56-10027231) for windows-amd64 JRE (17.0.6+0-b2043.56-10027231), built on Apr 28 2023 00:43:19 by "androidbuild" with MS VC++ 16.10 / 16.11 (VS2019)

END.
